Command line invocation:
    /Applications/Xcode.app/Contents/Developer/usr/bin/xcodebuild -scheme StarLaunch -destination "generic/platform=iOS Simulator" clean build

2026-01-03 23:11:22.641 xcodebuild[13745:343992] [MT] IDERunDestination: Supported platforms for the buildables in the current scheme is empty.
CreateBuildRequest

SendProjectDescription

CreateBuildOperation

** CLEAN SUCCEEDED **

ComputePackagePrebuildTargetDependencyGraph

Prepare packages

CreateBuildRequest

SendProjectDescription

CreateBuildOperation

ComputeTargetDependencyGraph
note: Building targets in dependency order
note: Target dependency graph (1 target)
    Target 'StarLaunch' in project 'StarLaunch' (no dependencies)

GatherProvisioningInputs

CreateBuildDescription

ExecuteExternalTool /Applications/Xcode.app/Contents/Developer/Toolchains/XcodeDefault.xctoolchain/usr/bin/clang -v -E -dM -isysroot /Applications/Xcode.app/Contents/Developer/Platforms/iPhoneSimulator.platform/Developer/SDKs/iPhoneSimulator26.2.sdk -x c -c /dev/null

ExecuteExternalTool /Applications/Xcode.app/Contents/Developer/usr/bin/actool --print-asset-tag-combinations --output-format xml1 /Users/cansagnak/Desktop/StarLaunch/StarLaunch/Profile/Thema/Assets.xcassets

ExecuteExternalTool /Applications/Xcode.app/Contents/Developer/usr/bin/actool --version --output-format xml1

ExecuteExternalTool /Applications/Xcode.app/Contents/Developer/Toolchains/XcodeDefault.xctoolchain/usr/bin/swiftc --version

ExecuteExternalTool /Applications/Xcode.app/Contents/Developer/Toolchains/XcodeDefault.xctoolchain/usr/bin/ld -version_details

Build description signature: 55ae3f1d43082d51582d2d6c59614c4e
Build description path: /Users/cansagnak/Library/Developer/Xcode/DerivedData/StarLaunch-anckypzlcokghgcegclxhzrcvjij/Build/Intermediates.noindex/XCBuildData/55ae3f1d43082d51582d2d6c59614c4e.xcbuilddata
ClangStatCache /Applications/Xcode.app/Contents/Developer/Toolchains/XcodeDefault.xctoolchain/usr/bin/clang-stat-cache /Applications/Xcode.app/Contents/Developer/Platforms/iPhoneSimulator.platform/Developer/SDKs/iPhoneSimulator26.2.sdk /Users/cansagnak/Library/Developer/Xcode/DerivedData/SDKStatCaches.noindex/iphonesimulator26.2-23C53-7d00a8b37fbd7999ea79df8ebc024bf0.sdkstatcache
    cd /Users/cansagnak/Desktop/StarLaunch/StarLaunch.xcodeproj
    /Applications/Xcode.app/Contents/Developer/Toolchains/XcodeDefault.xctoolchain/usr/bin/clang-stat-cache /Applications/Xcode.app/Contents/Developer/Platforms/iPhoneSimulator.platform/Developer/SDKs/iPhoneSimulator26.2.sdk -o /Users/cansagnak/Library/Developer/Xcode/DerivedData/SDKStatCaches.noindex/iphonesimulator26.2-23C53-7d00a8b37fbd7999ea79df8ebc024bf0.sdkstatcache

CreateBuildDirectory /Users/cansagnak/Library/Developer/Xcode/DerivedData/StarLaunch-anckypzlcokghgcegclxhzrcvjij/Build/Products
    cd /Users/cansagnak/Desktop/StarLaunch/StarLaunch.xcodeproj
    builtin-create-build-directory /Users/cansagnak/Library/Developer/Xcode/DerivedData/StarLaunch-anckypzlcokghgcegclxhzrcvjij/Build/Products

CreateBuildDirectory /Users/cansagnak/Library/Developer/Xcode/DerivedData/StarLaunch-anckypzlcokghgcegclxhzrcvjij/Build/Intermediates.noindex
    cd /Users/cansagnak/Desktop/StarLaunch/StarLaunch.xcodeproj
    builtin-create-build-directory /Users/cansagnak/Library/Developer/Xcode/DerivedData/StarLaunch-anckypzlcokghgcegclxhzrcvjij/Build/Intermediates.noindex

CreateBuildDirectory /Users/cansagnak/Library/Developer/Xcode/DerivedData/StarLaunch-anckypzlcokghgcegclxhzrcvjij/Build/Intermediates.noindex/SwiftExplicitPrecompiledModules
    cd /Users/cansagnak/Desktop/StarLaunch/StarLaunch.xcodeproj
    builtin-create-build-directory /Users/cansagnak/Library/Developer/Xcode/DerivedData/StarLaunch-anckypzlcokghgcegclxhzrcvjij/Build/Intermediates.noindex/SwiftExplicitPrecompiledModules

CreateBuildDirectory /Users/cansagnak/Library/Developer/Xcode/DerivedData/StarLaunch-anckypzlcokghgcegclxhzrcvjij/Build/Products/Debug-iphonesimulator
    cd /Users/cansagnak/Desktop/StarLaunch/StarLaunch.xcodeproj
    builtin-create-build-directory /Users/cansagnak/Library/Developer/Xcode/DerivedData/StarLaunch-anckypzlcokghgcegclxhzrcvjij/Build/Products/Debug-iphonesimulator

CreateBuildDirectory /Users/cansagnak/Library/Developer/Xcode/DerivedData/StarLaunch-anckypzlcokghgcegclxhzrcvjij/Build/Intermediates.noindex/ExplicitPrecompiledModules
    cd /Users/cansagnak/Desktop/StarLaunch/StarLaunch.xcodeproj
    builtin-create-build-directory /Users/cansagnak/Library/Developer/Xcode/DerivedData/StarLaunch-anckypzlcokghgcegclxhzrcvjij/Build/Intermediates.noindex/ExplicitPrecompiledModules

CreateBuildDirectory /Users/cansagnak/Library/Developer/Xcode/DerivedData/StarLaunch-anckypzlcokghgcegclxhzrcvjij/Build/Intermediates.noindex/EagerLinkingTBDs/Debug-iphonesimulator
    cd /Users/cansagnak/Desktop/StarLaunch/StarLaunch.xcodeproj
    builtin-create-build-directory /Users/cansagnak/Library/Developer/Xcode/DerivedData/StarLaunch-anckypzlcokghgcegclxhzrcvjij/Build/Intermediates.noindex/EagerLinkingTBDs/Debug-iphonesimulator

WriteAuxiliaryFile /Users/cansagnak/Library/Developer/Xcode/DerivedData/StarLaunch-anckypzlcokghgcegclxhzrcvjij/Build/Intermediates.noindex/StarLaunch.build/Debug-iphonesimulator/StarLaunch-220b79dc95e6cec94fe8027342bb5e97-VFS-iphonesimulator/all-product-headers.yaml
    cd /Users/cansagnak/Desktop/StarLaunch/StarLaunch.xcodeproj
    write-file /Users/cansagnak/Library/Developer/Xcode/DerivedData/StarLaunch-anckypzlcokghgcegclxhzrcvjij/Build/Intermediates.noindex/StarLaunch.build/Debug-iphonesimulator/StarLaunch-220b79dc95e6cec94fe8027342bb5e97-VFS-iphonesimulator/all-product-headers.yaml

WriteAuxiliaryFile /Users/cansagnak/Library/Developer/Xcode/DerivedData/StarLaunch-anckypzlcokghgcegclxhzrcvjij/Build/Intermediates.noindex/StarLaunch.build/Debug-iphonesimulator/StarLaunch.build/StarLaunch-all-target-headers.hmap (in target 'StarLaunch' from project 'StarLaunch')
    cd /Users/cansagnak/Desktop/StarLaunch
    write-file /Users/cansagnak/Library/Developer/Xcode/DerivedData/StarLaunch-anckypzlcokghgcegclxhzrcvjij/Build/Intermediates.noindex/StarLaunch.build/Debug-iphonesimulator/StarLaunch.build/StarLaunch-all-target-headers.hmap

WriteAuxiliaryFile /Users/cansagnak/Library/Developer/Xcode/DerivedData/StarLaunch-anckypzlcokghgcegclxhzrcvjij/Build/Intermediates.noindex/StarLaunch.build/Debug-iphonesimulator/StarLaunch.build/StarLaunch-project-headers.hmap (in target 'StarLaunch' from project 'StarLaunch')
    cd /Users/cansagnak/Desktop/StarLaunch
    write-file /Users/cansagnak/Library/Developer/Xcode/DerivedData/StarLaunch-anckypzlcokghgcegclxhzrcvjij/Build/Intermediates.noindex/StarLaunch.build/Debug-iphonesimulator/StarLaunch.build/StarLaunch-project-headers.hmap

WriteAuxiliaryFile /Users/cansagnak/Library/Developer/Xcode/DerivedData/StarLaunch-anckypzlcokghgcegclxhzrcvjij/Build/Intermediates.noindex/StarLaunch.build/Debug-iphonesimulator/StarLaunch.build/StarLaunch-own-target-headers.hmap (in target 'StarLaunch' from project 'StarLaunch')
    cd /Users/cansagnak/Desktop/StarLaunch
    write-file /Users/cansagnak/Library/Developer/Xcode/DerivedData/StarLaunch-anckypzlcokghgcegclxhzrcvjij/Build/Intermediates.noindex/StarLaunch.build/Debug-iphonesimulator/StarLaunch.build/StarLaunch-own-target-headers.hmap

WriteAuxiliaryFile /Users/cansagnak/Library/Developer/Xcode/DerivedData/StarLaunch-anckypzlcokghgcegclxhzrcvjij/Build/Intermediates.noindex/StarLaunch.build/Debug-iphonesimulator/StarLaunch.build/StarLaunch.hmap (in target 'StarLaunch' from project 'StarLaunch')
    cd /Users/cansagnak/Desktop/StarLaunch
    write-file /Users/cansagnak/Library/Developer/Xcode/DerivedData/StarLaunch-anckypzlcokghgcegclxhzrcvjij/Build/Intermediates.noindex/StarLaunch.build/Debug-iphonesimulator/StarLaunch.build/StarLaunch.hmap

WriteAuxiliaryFile /Users/cansagnak/Library/Developer/Xcode/DerivedData/StarLaunch-anckypzlcokghgcegclxhzrcvjij/Build/Intermediates.noindex/StarLaunch.build/Debug-iphonesimulator/StarLaunch.build/StarLaunch-all-non-framework-target-headers.hmap (in target 'StarLaunch' from project 'StarLaunch')
    cd /Users/cansagnak/Desktop/StarLaunch
    write-file /Users/cansagnak/Library/Developer/Xcode/DerivedData/StarLaunch-anckypzlcokghgcegclxhzrcvjij/Build/Intermediates.noindex/StarLaunch.build/Debug-iphonesimulator/StarLaunch.build/StarLaunch-all-non-framework-target-headers.hmap

WriteAuxiliaryFile /Users/cansagnak/Library/Developer/Xcode/DerivedData/StarLaunch-anckypzlcokghgcegclxhzrcvjij/Build/Intermediates.noindex/StarLaunch.build/Debug-iphonesimulator/StarLaunch.build/StarLaunch-generated-files.hmap (in target 'StarLaunch' from project 'StarLaunch')
    cd /Users/cansagnak/Desktop/StarLaunch
    write-file /Users/cansagnak/Library/Developer/Xcode/DerivedData/StarLaunch-anckypzlcokghgcegclxhzrcvjij/Build/Intermediates.noindex/StarLaunch.build/Debug-iphonesimulator/StarLaunch.build/StarLaunch-generated-files.hmap

WriteAuxiliaryFile /Users/cansagnak/Library/Developer/Xcode/DerivedData/StarLaunch-anckypzlcokghgcegclxhzrcvjij/Build/Intermediates.noindex/StarLaunch.build/Debug-iphonesimulator/StarLaunch.build/StarLaunch-DebugDylibPath-normal-x86_64.txt (in target 'StarLaunch' from project 'StarLaunch')
    cd /Users/cansagnak/Desktop/StarLaunch
    write-file /Users/cansagnak/Library/Developer/Xcode/DerivedData/StarLaunch-anckypzlcokghgcegclxhzrcvjij/Build/Intermediates.noindex/StarLaunch.build/Debug-iphonesimulator/StarLaunch.build/StarLaunch-DebugDylibPath-normal-x86_64.txt

WriteAuxiliaryFile /Users/cansagnak/Library/Developer/Xcode/DerivedData/StarLaunch-anckypzlcokghgcegclxhzrcvjij/Build/Intermediates.noindex/StarLaunch.build/Debug-iphonesimulator/StarLaunch.build/StarLaunch-DebugDylibPath-normal-arm64.txt (in target 'StarLaunch' from project 'StarLaunch')
    cd /Users/cansagnak/Desktop/StarLaunch
    write-file /Users/cansagnak/Library/Developer/Xcode/DerivedData/StarLaunch-anckypzlcokghgcegclxhzrcvjij/Build/Intermediates.noindex/StarLaunch.build/Debug-iphonesimulator/StarLaunch.build/StarLaunch-DebugDylibPath-normal-arm64.txt

WriteAuxiliaryFile /Users/cansagnak/Library/Developer/Xcode/DerivedData/StarLaunch-anckypzlcokghgcegclxhzrcvjij/Build/Intermediates.noindex/StarLaunch.build/Debug-iphonesimulator/StarLaunch.build/StarLaunch-DebugDylibInstallName-normal-x86_64.txt (in target 'StarLaunch' from project 'StarLaunch')
    cd /Users/cansagnak/Desktop/StarLaunch
    write-file /Users/cansagnak/Library/Developer/Xcode/DerivedData/StarLaunch-anckypzlcokghgcegclxhzrcvjij/Build/Intermediates.noindex/StarLaunch.build/Debug-iphonesimulator/StarLaunch.build/StarLaunch-DebugDylibInstallName-normal-x86_64.txt

WriteAuxiliaryFile /Users/cansagnak/Library/Developer/Xcode/DerivedData/StarLaunch-anckypzlcokghgcegclxhzrcvjij/Build/Intermediates.noindex/StarLaunch.build/Debug-iphonesimulator/StarLaunch.build/StarLaunch.DependencyStaticMetadataFileList (in target 'StarLaunch' from project 'StarLaunch')
    cd /Users/cansagnak/Desktop/StarLaunch
    write-file /Users/cansagnak/Library/Developer/Xcode/DerivedData/StarLaunch-anckypzlcokghgcegclxhzrcvjij/Build/Intermediates.noindex/StarLaunch.build/Debug-iphonesimulator/StarLaunch.build/StarLaunch.DependencyStaticMetadataFileList

WriteAuxiliaryFile /Users/cansagnak/Library/Developer/Xcode/DerivedData/StarLaunch-anckypzlcokghgcegclxhzrcvjij/Build/Intermediates.noindex/StarLaunch.build/Debug-iphonesimulator/StarLaunch.build/StarLaunch.DependencyMetadataFileList (in target 'StarLaunch' from project 'StarLaunch')
    cd /Users/cansagnak/Desktop/StarLaunch
    write-file /Users/cansagnak/Library/Developer/Xcode/DerivedData/StarLaunch-anckypzlcokghgcegclxhzrcvjij/Build/Intermediates.noindex/StarLaunch.build/Debug-iphonesimulator/StarLaunch.build/StarLaunch.DependencyMetadataFileList

WriteAuxiliaryFile /Users/cansagnak/Library/Developer/Xcode/DerivedData/StarLaunch-anckypzlcokghgcegclxhzrcvjij/Build/Intermediates.noindex/StarLaunch.build/Debug-iphonesimulator/StarLaunch.build/StarLaunch-DebugDylibInstallName-normal-arm64.txt (in target 'StarLaunch' from project 'StarLaunch')
    cd /Users/cansagnak/Desktop/StarLaunch
    write-file /Users/cansagnak/Library/Developer/Xcode/DerivedData/StarLaunch-anckypzlcokghgcegclxhzrcvjij/Build/Intermediates.noindex/StarLaunch.build/Debug-iphonesimulator/StarLaunch.build/StarLaunch-DebugDylibInstallName-normal-arm64.txt

WriteAuxiliaryFile /Users/cansagnak/Library/Developer/Xcode/DerivedData/StarLaunch-anckypzlcokghgcegclxhzrcvjij/Build/Intermediates.noindex/StarLaunch.build/Debug-iphonesimulator/StarLaunch.build/Objects-normal/x86_64/StarLaunch.SwiftConstValuesFileList (in target 'StarLaunch' from project 'StarLaunch')
    cd /Users/cansagnak/Desktop/StarLaunch
    write-file /Users/cansagnak/Library/Developer/Xcode/DerivedData/StarLaunch-anckypzlcokghgcegclxhzrcvjij/Build/Intermediates.noindex/StarLaunch.build/Debug-iphonesimulator/StarLaunch.build/Objects-normal/x86_64/StarLaunch.SwiftConstValuesFileList

WriteAuxiliaryFile /Users/cansagnak/Library/Developer/Xcode/DerivedData/StarLaunch-anckypzlcokghgcegclxhzrcvjij/Build/Intermediates.noindex/StarLaunch.build/Debug-iphonesimulator/StarLaunch.build/Objects-normal/x86_64/StarLaunch_const_extract_protocols.json (in target 'StarLaunch' from project 'StarLaunch')
    cd /Users/cansagnak/Desktop/StarLaunch
    write-file /Users/cansagnak/Library/Developer/Xcode/DerivedData/StarLaunch-anckypzlcokghgcegclxhzrcvjij/Build/Intermediates.noindex/StarLaunch.build/Debug-iphonesimulator/StarLaunch.build/Objects-normal/x86_64/StarLaunch_const_extract_protocols.json

WriteAuxiliaryFile /Users/cansagnak/Library/Developer/Xcode/DerivedData/StarLaunch-anckypzlcokghgcegclxhzrcvjij/Build/Intermediates.noindex/StarLaunch.build/Debug-iphonesimulator/StarLaunch.build/Objects-normal/x86_64/StarLaunch.LinkFileList (in target 'StarLaunch' from project 'StarLaunch')
    cd /Users/cansagnak/Desktop/StarLaunch
    write-file /Users/cansagnak/Library/Developer/Xcode/DerivedData/StarLaunch-anckypzlcokghgcegclxhzrcvjij/Build/Intermediates.noindex/StarLaunch.build/Debug-iphonesimulator/StarLaunch.build/Objects-normal/x86_64/StarLaunch.LinkFileList

WriteAuxiliaryFile /Users/cansagnak/Library/Developer/Xcode/DerivedData/StarLaunch-anckypzlcokghgcegclxhzrcvjij/Build/Intermediates.noindex/StarLaunch.build/Debug-iphonesimulator/StarLaunch.build/Objects-normal/x86_64/StarLaunch.SwiftFileList (in target 'StarLaunch' from project 'StarLaunch')
    cd /Users/cansagnak/Desktop/StarLaunch
    write-file /Users/cansagnak/Library/Developer/Xcode/DerivedData/StarLaunch-anckypzlcokghgcegclxhzrcvjij/Build/Intermediates.noindex/StarLaunch.build/Debug-iphonesimulator/StarLaunch.build/Objects-normal/x86_64/StarLaunch.SwiftFileList

WriteAuxiliaryFile /Users/cansagnak/Library/Developer/Xcode/DerivedData/StarLaunch-anckypzlcokghgcegclxhzrcvjij/Build/Intermediates.noindex/StarLaunch.build/Debug-iphonesimulator/StarLaunch.build/Objects-normal/x86_64/StarLaunch-OutputFileMap.json (in target 'StarLaunch' from project 'StarLaunch')
    cd /Users/cansagnak/Desktop/StarLaunch
    write-file /Users/cansagnak/Library/Developer/Xcode/DerivedData/StarLaunch-anckypzlcokghgcegclxhzrcvjij/Build/Intermediates.noindex/StarLaunch.build/Debug-iphonesimulator/StarLaunch.build/Objects-normal/x86_64/StarLaunch-OutputFileMap.json

WriteAuxiliaryFile /Users/cansagnak/Library/Developer/Xcode/DerivedData/StarLaunch-anckypzlcokghgcegclxhzrcvjij/Build/Intermediates.noindex/StarLaunch.build/Debug-iphonesimulator/StarLaunch.build/Objects-normal/arm64/StarLaunch_const_extract_protocols.json (in target 'StarLaunch' from project 'StarLaunch')
    cd /Users/cansagnak/Desktop/StarLaunch
    write-file /Users/cansagnak/Library/Developer/Xcode/DerivedData/StarLaunch-anckypzlcokghgcegclxhzrcvjij/Build/Intermediates.noindex/StarLaunch.build/Debug-iphonesimulator/StarLaunch.build/Objects-normal/arm64/StarLaunch_const_extract_protocols.json

WriteAuxiliaryFile /Users/cansagnak/Library/Developer/Xcode/DerivedData/StarLaunch-anckypzlcokghgcegclxhzrcvjij/Build/Intermediates.noindex/StarLaunch.build/Debug-iphonesimulator/StarLaunch.build/Objects-normal/arm64/StarLaunch.SwiftFileList (in target 'StarLaunch' from project 'StarLaunch')
    cd /Users/cansagnak/Desktop/StarLaunch
    write-file /Users/cansagnak/Library/Developer/Xcode/DerivedData/StarLaunch-anckypzlcokghgcegclxhzrcvjij/Build/Intermediates.noindex/StarLaunch.build/Debug-iphonesimulator/StarLaunch.build/Objects-normal/arm64/StarLaunch.SwiftFileList

WriteAuxiliaryFile /Users/cansagnak/Library/Developer/Xcode/DerivedData/StarLaunch-anckypzlcokghgcegclxhzrcvjij/Build/Intermediates.noindex/StarLaunch.build/Debug-iphonesimulator/StarLaunch.build/Objects-normal/arm64/StarLaunch.SwiftConstValuesFileList (in target 'StarLaunch' from project 'StarLaunch')
    cd /Users/cansagnak/Desktop/StarLaunch
    write-file /Users/cansagnak/Library/Developer/Xcode/DerivedData/StarLaunch-anckypzlcokghgcegclxhzrcvjij/Build/Intermediates.noindex/StarLaunch.build/Debug-iphonesimulator/StarLaunch.build/Objects-normal/arm64/StarLaunch.SwiftConstValuesFileList

WriteAuxiliaryFile /Users/cansagnak/Library/Developer/Xcode/DerivedData/StarLaunch-anckypzlcokghgcegclxhzrcvjij/Build/Intermediates.noindex/StarLaunch.build/Debug-iphonesimulator/StarLaunch.build/Objects-normal/arm64/StarLaunch.LinkFileList (in target 'StarLaunch' from project 'StarLaunch')
    cd /Users/cansagnak/Desktop/StarLaunch
    write-file /Users/cansagnak/Library/Developer/Xcode/DerivedData/StarLaunch-anckypzlcokghgcegclxhzrcvjij/Build/Intermediates.noindex/StarLaunch.build/Debug-iphonesimulator/StarLaunch.build/Objects-normal/arm64/StarLaunch.LinkFileList

WriteAuxiliaryFile /Users/cansagnak/Library/Developer/Xcode/DerivedData/StarLaunch-anckypzlcokghgcegclxhzrcvjij/Build/Intermediates.noindex/StarLaunch.build/Debug-iphonesimulator/StarLaunch.build/Objects-normal/arm64/StarLaunch-OutputFileMap.json (in target 'StarLaunch' from project 'StarLaunch')
    cd /Users/cansagnak/Desktop/StarLaunch
    write-file /Users/cansagnak/Library/Developer/Xcode/DerivedData/StarLaunch-anckypzlcokghgcegclxhzrcvjij/Build/Intermediates.noindex/StarLaunch.build/Debug-iphonesimulator/StarLaunch.build/Objects-normal/arm64/StarLaunch-OutputFileMap.json

WriteAuxiliaryFile /Users/cansagnak/Library/Developer/Xcode/DerivedData/StarLaunch-anckypzlcokghgcegclxhzrcvjij/Build/Intermediates.noindex/StarLaunch.build/Debug-iphonesimulator/StarLaunch.build/DerivedSources/Entitlements-Simulated.plist (in target 'StarLaunch' from project 'StarLaunch')
    cd /Users/cansagnak/Desktop/StarLaunch
    write-file /Users/cansagnak/Library/Developer/Xcode/DerivedData/StarLaunch-anckypzlcokghgcegclxhzrcvjij/Build/Intermediates.noindex/StarLaunch.build/Debug-iphonesimulator/StarLaunch.build/DerivedSources/Entitlements-Simulated.plist

MkDir /Users/cansagnak/Library/Developer/Xcode/DerivedData/StarLaunch-anckypzlcokghgcegclxhzrcvjij/Build/Products/Debug-iphonesimulator/StarLaunch.app (in target 'StarLaunch' from project 'StarLaunch')
    cd /Users/cansagnak/Desktop/StarLaunch
    /bin/mkdir -p /Users/cansagnak/Library/Developer/Xcode/DerivedData/StarLaunch-anckypzlcokghgcegclxhzrcvjij/Build/Products/Debug-iphonesimulator/StarLaunch.app

ProcessProductPackaging "" /Users/cansagnak/Library/Developer/Xcode/DerivedData/StarLaunch-anckypzlcokghgcegclxhzrcvjij/Build/Intermediates.noindex/StarLaunch.build/Debug-iphonesimulator/StarLaunch.build/StarLaunch.app-Simulated.xcent (in target 'StarLaunch' from project 'StarLaunch')
    cd /Users/cansagnak/Desktop/StarLaunch
    
    Entitlements:
    
    {
    "application-identifier" = "6JK9S83RN9.cansagnak.apps.starlaunch";
}
    
    builtin-productPackagingUtility -entitlements -format xml -o /Users/cansagnak/Library/Developer/Xcode/DerivedData/StarLaunch-anckypzlcokghgcegclxhzrcvjij/Build/Intermediates.noindex/StarLaunch.build/Debug-iphonesimulator/StarLaunch.build/StarLaunch.app-Simulated.xcent

ProcessProductPackagingDER /Users/cansagnak/Library/Developer/Xcode/DerivedData/StarLaunch-anckypzlcokghgcegclxhzrcvjij/Build/Intermediates.noindex/StarLaunch.build/Debug-iphonesimulator/StarLaunch.build/StarLaunch.app-Simulated.xcent /Users/cansagnak/Library/Developer/Xcode/DerivedData/StarLaunch-anckypzlcokghgcegclxhzrcvjij/Build/Intermediates.noindex/StarLaunch.build/Debug-iphonesimulator/StarLaunch.build/StarLaunch.app-Simulated.xcent.der (in target 'StarLaunch' from project 'StarLaunch')
    cd /Users/cansagnak/Desktop/StarLaunch
    /usr/bin/derq query -f xml -i /Users/cansagnak/Library/Developer/Xcode/DerivedData/StarLaunch-anckypzlcokghgcegclxhzrcvjij/Build/Intermediates.noindex/StarLaunch.build/Debug-iphonesimulator/StarLaunch.build/StarLaunch.app-Simulated.xcent -o /Users/cansagnak/Library/Developer/Xcode/DerivedData/StarLaunch-anckypzlcokghgcegclxhzrcvjij/Build/Intermediates.noindex/StarLaunch.build/Debug-iphonesimulator/StarLaunch.build/StarLaunch.app-Simulated.xcent.der --raw

GenerateAssetSymbols /Users/cansagnak/Desktop/StarLaunch/StarLaunch/Profile/Thema/Assets.xcassets (in target 'StarLaunch' from project 'StarLaunch')
    cd /Users/cansagnak/Desktop/StarLaunch
    /Applications/Xcode.app/Contents/Developer/usr/bin/actool /Users/cansagnak/Desktop/StarLaunch/StarLaunch/Profile/Thema/Assets.xcassets --compile /Users/cansagnak/Library/Developer/Xcode/DerivedData/StarLaunch-anckypzlcokghgcegclxhzrcvjij/Build/Products/Debug-iphonesimulator/StarLaunch.app --output-format human-readable-text --notices --warnings --export-dependency-info /Users/cansagnak/Library/Developer/Xcode/DerivedData/StarLaunch-anckypzlcokghgcegclxhzrcvjij/Build/Intermediates.noindex/StarLaunch.build/Debug-iphonesimulator/StarLaunch.build/assetcatalog_dependencies --output-partial-info-plist /Users/cansagnak/Library/Developer/Xcode/DerivedData/StarLaunch-anckypzlcokghgcegclxhzrcvjij/Build/Intermediates.noindex/StarLaunch.build/Debug-iphonesimulator/StarLaunch.build/assetcatalog_generated_info.plist --app-icon AppIcon --accent-color AccentColor --compress-pngs --enable-on-demand-resources YES --development-region en --target-device iphone --minimum-deployment-target 16.6 --platform iphonesimulator --bundle-identifier cansagnak.apps.starlaunch --generate-swift-asset-symbols /Users/cansagnak/Library/Developer/Xcode/DerivedData/StarLaunch-anckypzlcokghgcegclxhzrcvjij/Build/Intermediates.noindex/StarLaunch.build/Debug-iphonesimulator/StarLaunch.build/DerivedSources/GeneratedAssetSymbols.swift --generate-objc-asset-symbols /Users/cansagnak/Library/Developer/Xcode/DerivedData/StarLaunch-anckypzlcokghgcegclxhzrcvjij/Build/Intermediates.noindex/StarLaunch.build/Debug-iphonesimulator/StarLaunch.build/DerivedSources/GeneratedAssetSymbols.h --generate-asset-symbol-index /Users/cansagnak/Library/Developer/Xcode/DerivedData/StarLaunch-anckypzlcokghgcegclxhzrcvjij/Build/Intermediates.noindex/StarLaunch.build/Debug-iphonesimulator/StarLaunch.build/DerivedSources/GeneratedAssetSymbols-Index.plist
/* com.apple.actool.compilation-results */
/Users/cansagnak/Library/Developer/Xcode/DerivedData/StarLaunch-anckypzlcokghgcegclxhzrcvjij/Build/Intermediates.noindex/StarLaunch.build/Debug-iphonesimulator/StarLaunch.build/DerivedSources/GeneratedAssetSymbols-Index.plist
/Users/cansagnak/Library/Developer/Xcode/DerivedData/StarLaunch-anckypzlcokghgcegclxhzrcvjij/Build/Intermediates.noindex/StarLaunch.build/Debug-iphonesimulator/StarLaunch.build/DerivedSources/GeneratedAssetSymbols.h
/Users/cansagnak/Library/Developer/Xcode/DerivedData/StarLaunch-anckypzlcokghgcegclxhzrcvjij/Build/Intermediates.noindex/StarLaunch.build/Debug-iphonesimulator/StarLaunch.build/DerivedSources/GeneratedAssetSymbols.swift


MkDir /Users/cansagnak/Library/Developer/Xcode/DerivedData/StarLaunch-anckypzlcokghgcegclxhzrcvjij/Build/Intermediates.noindex/StarLaunch.build/Debug-iphonesimulator/StarLaunch.build/assetcatalog_output/unthinned (in target 'StarLaunch' from project 'StarLaunch')
    cd /Users/cansagnak/Desktop/StarLaunch
    /bin/mkdir -p /Users/cansagnak/Library/Developer/Xcode/DerivedData/StarLaunch-anckypzlcokghgcegclxhzrcvjij/Build/Intermediates.noindex/StarLaunch.build/Debug-iphonesimulator/StarLaunch.build/assetcatalog_output/unthinned

CopyStringsFile /Users/cansagnak/Library/Developer/Xcode/DerivedData/StarLaunch-anckypzlcokghgcegclxhzrcvjij/Build/Products/Debug-iphonesimulator/StarLaunch.app/tr.lproj/Localizable.strings /Users/cansagnak/Desktop/StarLaunch/StarLaunch/tr.lproj/Localizable.strings (in target 'StarLaunch' from project 'StarLaunch')
    cd /Users/cansagnak/Desktop/StarLaunch
    builtin-copyStrings --validate --outputencoding binary --outfilename Localizable.strings --outdir /Users/cansagnak/Library/Developer/Xcode/DerivedData/StarLaunch-anckypzlcokghgcegclxhzrcvjij/Build/Products/Debug-iphonesimulator/StarLaunch.app/tr.lproj -- /Users/cansagnak/Desktop/StarLaunch/StarLaunch/tr.lproj/Localizable.strings
/Users/cansagnak/Desktop/StarLaunch/StarLaunch/tr.lproj/Localizable.strings:1:1: note: detected encoding of input file as Unicode (UTF-8) (in target 'StarLaunch' from project 'StarLaunch')

MkDir /Users/cansagnak/Library/Developer/Xcode/DerivedData/StarLaunch-anckypzlcokghgcegclxhzrcvjij/Build/Intermediates.noindex/StarLaunch.build/Debug-iphonesimulator/StarLaunch.build/assetcatalog_output/thinned (in target 'StarLaunch' from project 'StarLaunch')
    cd /Users/cansagnak/Desktop/StarLaunch
    /bin/mkdir -p /Users/cansagnak/Library/Developer/Xcode/DerivedData/StarLaunch-anckypzlcokghgcegclxhzrcvjij/Build/Intermediates.noindex/StarLaunch.build/Debug-iphonesimulator/StarLaunch.build/assetcatalog_output/thinned

CopyStringsFile /Users/cansagnak/Library/Developer/Xcode/DerivedData/StarLaunch-anckypzlcokghgcegclxhzrcvjij/Build/Products/Debug-iphonesimulator/StarLaunch.app/en.lproj/Localizable.strings /Users/cansagnak/Desktop/StarLaunch/StarLaunch/en.lproj/Localizable.strings (in target 'StarLaunch' from project 'StarLaunch')
    cd /Users/cansagnak/Desktop/StarLaunch
    builtin-copyStrings --validate --outputencoding binary --outfilename Localizable.strings --outdir /Users/cansagnak/Library/Developer/Xcode/DerivedData/StarLaunch-anckypzlcokghgcegclxhzrcvjij/Build/Products/Debug-iphonesimulator/StarLaunch.app/en.lproj -- /Users/cansagnak/Desktop/StarLaunch/StarLaunch/en.lproj/Localizable.strings
/Users/cansagnak/Desktop/StarLaunch/StarLaunch/en.lproj/Localizable.strings:1:1: note: detected encoding of input file as Unicode (UTF-8) (in target 'StarLaunch' from project 'StarLaunch')

Ld /Users/cansagnak/Library/Developer/Xcode/DerivedData/StarLaunch-anckypzlcokghgcegclxhzrcvjij/Build/Intermediates.noindex/StarLaunch.build/Debug-iphonesimulator/StarLaunch.build/Objects-normal/arm64/Binary/__preview.dylib normal arm64 (in target 'StarLaunch' from project 'StarLaunch')
    cd /Users/cansagnak/Desktop/StarLaunch
    /Applications/Xcode.app/Contents/Developer/Toolchains/XcodeDefault.xctoolchain/usr/bin/clang -Xlinker -reproducible -target arm64-apple-ios16.6-simulator -dynamiclib -isysroot /Applications/Xcode.app/Contents/Developer/Platforms/iPhoneSimulator.platform/Developer/SDKs/iPhoneSimulator26.2.sdk -O0 -L/Users/cansagnak/Library/Developer/Xcode/DerivedData/StarLaunch-anckypzlcokghgcegclxhzrcvjij/Build/Products/Debug-iphonesimulator -F/Users/cansagnak/Library/Developer/Xcode/DerivedData/StarLaunch-anckypzlcokghgcegclxhzrcvjij/Build/Products/Debug-iphonesimulator -install_name @rpath/StarLaunch.debug.dylib -dead_strip -rdynamic -Xlinker -no_deduplicate -Xlinker -objc_abi_version -Xlinker 2 -Xlinker -dependency_info -Xlinker /Users/cansagnak/Library/Developer/Xcode/DerivedData/StarLaunch-anckypzlcokghgcegclxhzrcvjij/Build/Intermediates.noindex/StarLaunch.build/Debug-iphonesimulator/StarLaunch.build/Objects-normal/arm64/StarLaunch_dependency_info.dat -Xlinker -sectcreate -Xlinker __TEXT -Xlinker __entitlements -Xlinker /Users/cansagnak/Library/Developer/Xcode/DerivedData/StarLaunch-anckypzlcokghgcegclxhzrcvjij/Build/Intermediates.noindex/StarLaunch.build/Debug-iphonesimulator/StarLaunch.build/StarLaunch.app-Simulated.xcent -Xlinker -sectcreate -Xlinker __TEXT -Xlinker __ents_der -Xlinker /Users/cansagnak/Library/Developer/Xcode/DerivedData/StarLaunch-anckypzlcokghgcegclxhzrcvjij/Build/Intermediates.noindex/StarLaunch.build/Debug-iphonesimulator/StarLaunch.build/StarLaunch.app-Simulated.xcent.der -Xlinker -no_adhoc_codesign -o /Users/cansagnak/Library/Developer/Xcode/DerivedData/StarLaunch-anckypzlcokghgcegclxhzrcvjij/Build/Intermediates.noindex/StarLaunch.build/Debug-iphonesimulator/StarLaunch.build/Objects-normal/arm64/Binary/__preview.dylib

Ld /Users/cansagnak/Library/Developer/Xcode/DerivedData/StarLaunch-anckypzlcokghgcegclxhzrcvjij/Build/Intermediates.noindex/StarLaunch.build/Debug-iphonesimulator/StarLaunch.build/Objects-normal/x86_64/Binary/__preview.dylib normal x86_64 (in target 'StarLaunch' from project 'StarLaunch')
    cd /Users/cansagnak/Desktop/StarLaunch
    /Applications/Xcode.app/Contents/Developer/Toolchains/XcodeDefault.xctoolchain/usr/bin/clang -Xlinker -reproducible -target x86_64-apple-ios16.6-simulator -dynamiclib -isysroot /Applications/Xcode.app/Contents/Developer/Platforms/iPhoneSimulator.platform/Developer/SDKs/iPhoneSimulator26.2.sdk -O0 -L/Users/cansagnak/Library/Developer/Xcode/DerivedData/StarLaunch-anckypzlcokghgcegclxhzrcvjij/Build/Products/Debug-iphonesimulator -F/Users/cansagnak/Library/Developer/Xcode/DerivedData/StarLaunch-anckypzlcokghgcegclxhzrcvjij/Build/Products/Debug-iphonesimulator -install_name @rpath/StarLaunch.debug.dylib -dead_strip -rdynamic -Xlinker -no_deduplicate -Xlinker -objc_abi_version -Xlinker 2 -Xlinker -dependency_info -Xlinker /Users/cansagnak/Library/Developer/Xcode/DerivedData/StarLaunch-anckypzlcokghgcegclxhzrcvjij/Build/Intermediates.noindex/StarLaunch.build/Debug-iphonesimulator/StarLaunch.build/Objects-normal/x86_64/StarLaunch_dependency_info.dat -Xlinker -sectcreate -Xlinker __TEXT -Xlinker __entitlements -Xlinker /Users/cansagnak/Library/Developer/Xcode/DerivedData/StarLaunch-anckypzlcokghgcegclxhzrcvjij/Build/Intermediates.noindex/StarLaunch.build/Debug-iphonesimulator/StarLaunch.build/StarLaunch.app-Simulated.xcent -Xlinker -sectcreate -Xlinker __TEXT -Xlinker __ents_der -Xlinker /Users/cansagnak/Library/Developer/Xcode/DerivedData/StarLaunch-anckypzlcokghgcegclxhzrcvjij/Build/Intermediates.noindex/StarLaunch.build/Debug-iphonesimulator/StarLaunch.build/StarLaunch.app-Simulated.xcent.der -Xlinker -no_adhoc_codesign -o /Users/cansagnak/Library/Developer/Xcode/DerivedData/StarLaunch-anckypzlcokghgcegclxhzrcvjij/Build/Intermediates.noindex/StarLaunch.build/Debug-iphonesimulator/StarLaunch.build/Objects-normal/x86_64/Binary/__preview.dylib

CompileAssetCatalogVariant thinned /Users/cansagnak/Library/Developer/Xcode/DerivedData/StarLaunch-anckypzlcokghgcegclxhzrcvjij/Build/Products/Debug-iphonesimulator/StarLaunch.app /Users/cansagnak/Desktop/StarLaunch/StarLaunch/Profile/Thema/Assets.xcassets (in target 'StarLaunch' from project 'StarLaunch')
    cd /Users/cansagnak/Desktop/StarLaunch
    /Applications/Xcode.app/Contents/Developer/usr/bin/actool /Users/cansagnak/Desktop/StarLaunch/StarLaunch/Profile/Thema/Assets.xcassets --compile /Users/cansagnak/Library/Developer/Xcode/DerivedData/StarLaunch-anckypzlcokghgcegclxhzrcvjij/Build/Intermediates.noindex/StarLaunch.build/Debug-iphonesimulator/StarLaunch.build/assetcatalog_output/thinned --output-format human-readable-text --notices --warnings --export-dependency-info /Users/cansagnak/Library/Developer/Xcode/DerivedData/StarLaunch-anckypzlcokghgcegclxhzrcvjij/Build/Intermediates.noindex/StarLaunch.build/Debug-iphonesimulator/StarLaunch.build/assetcatalog_dependencies_thinned --output-partial-info-plist /Users/cansagnak/Library/Developer/Xcode/DerivedData/StarLaunch-anckypzlcokghgcegclxhzrcvjij/Build/Intermediates.noindex/StarLaunch.build/Debug-iphonesimulator/StarLaunch.build/assetcatalog_generated_info.plist_thinned --app-icon AppIcon --accent-color AccentColor --compress-pngs --enable-on-demand-resources YES --development-region en --target-device iphone --minimum-deployment-target 16.6 --platform iphonesimulator

CreateUniversalBinary /Users/cansagnak/Library/Developer/Xcode/DerivedData/StarLaunch-anckypzlcokghgcegclxhzrcvjij/Build/Products/Debug-iphonesimulator/StarLaunch.app/__preview.dylib normal arm64\ x86_64 (in target 'StarLaunch' from project 'StarLaunch')
    cd /Users/cansagnak/Desktop/StarLaunch
    /Applications/Xcode.app/Contents/Developer/Toolchains/XcodeDefault.xctoolchain/usr/bin/lipo -create /Users/cansagnak/Library/Developer/Xcode/DerivedData/StarLaunch-anckypzlcokghgcegclxhzrcvjij/Build/Intermediates.noindex/StarLaunch.build/Debug-iphonesimulator/StarLaunch.build/Objects-normal/arm64/Binary/__preview.dylib /Users/cansagnak/Library/Developer/Xcode/DerivedData/StarLaunch-anckypzlcokghgcegclxhzrcvjij/Build/Intermediates.noindex/StarLaunch.build/Debug-iphonesimulator/StarLaunch.build/Objects-normal/x86_64/Binary/__preview.dylib -output /Users/cansagnak/Library/Developer/Xcode/DerivedData/StarLaunch-anckypzlcokghgcegclxhzrcvjij/Build/Products/Debug-iphonesimulator/StarLaunch.app/__preview.dylib

SwiftDriver StarLaunch normal x86_64 com.apple.xcode.tools.swift.compiler (in target 'StarLaunch' from project 'StarLaunch')
    cd /Users/cansagnak/Desktop/StarLaunch
    builtin-SwiftDriver -- /Applications/Xcode.app/Contents/Developer/Toolchains/XcodeDefault.xctoolchain/usr/bin/swiftc -module-name StarLaunch -Onone -enforce-exclusivity\=checked @/Users/cansagnak/Library/Developer/Xcode/DerivedData/StarLaunch-anckypzlcokghgcegclxhzrcvjij/Build/Intermediates.noindex/StarLaunch.build/Debug-iphonesimulator/StarLaunch.build/Objects-normal/x86_64/StarLaunch.SwiftFileList -DDEBUG -default-isolation\=MainActor -enable-bare-slash-regex -enable-upcoming-feature DisableOutwardActorInference -enable-upcoming-feature InferSendableFromCaptures -enable-upcoming-feature GlobalActorIsolatedTypesUsability -enable-upcoming-feature MemberImportVisibility -enable-upcoming-feature InferIsolatedConformances -enable-upcoming-feature NonisolatedNonsendingByDefault -enable-experimental-feature DebugDescriptionMacro -sdk /Applications/Xcode.app/Contents/Developer/Platforms/iPhoneSimulator.platform/Developer/SDKs/iPhoneSimulator26.2.sdk -target x86_64-apple-ios16.6-simulator -g -module-cache-path /Users/cansagnak/Library/Developer/Xcode/DerivedData/ModuleCache.noindex -Xfrontend -serialize-debugging-options -enable-testing -index-store-path /Users/cansagnak/Library/Developer/Xcode/DerivedData/StarLaunch-anckypzlcokghgcegclxhzrcvjij/Index.noindex/DataStore -Xcc -D_LIBCPP_HARDENING_MODE\=_LIBCPP_HARDENING_MODE_DEBUG -swift-version 5 -I /Users/cansagnak/Library/Developer/Xcode/DerivedData/StarLaunch-anckypzlcokghgcegclxhzrcvjij/Build/Products/Debug-iphonesimulator -F /Users/cansagnak/Library/Developer/Xcode/DerivedData/StarLaunch-anckypzlcokghgcegclxhzrcvjij/Build/Products/Debug-iphonesimulator -emit-localized-strings -emit-localized-strings-path /Users/cansagnak/Library/Developer/Xcode/DerivedData/StarLaunch-anckypzlcokghgcegclxhzrcvjij/Build/Intermediates.noindex/StarLaunch.build/Debug-iphonesimulator/StarLaunch.build/Objects-normal/x86_64 -c -j10 -enable-batch-mode -incremental -Xcc -ivfsstatcache -Xcc /Users/cansagnak/Library/Developer/Xcode/DerivedData/SDKStatCaches.noindex/iphonesimulator26.2-23C53-7d00a8b37fbd7999ea79df8ebc024bf0.sdkstatcache -output-file-map /Users/cansagnak/Library/Developer/Xcode/DerivedData/StarLaunch-anckypzlcokghgcegclxhzrcvjij/Build/Intermediates.noindex/StarLaunch.build/Debug-iphonesimulator/StarLaunch.build/Objects-normal/x86_64/StarLaunch-OutputFileMap.json -use-frontend-parseable-output -save-temps -no-color-diagnostics -explicit-module-build -module-cache-path /Users/cansagnak/Library/Developer/Xcode/DerivedData/StarLaunch-anckypzlcokghgcegclxhzrcvjij/Build/Intermediates.noindex/SwiftExplicitPrecompiledModules -clang-scanner-module-cache-path /Users/cansagnak/Library/Developer/Xcode/DerivedData/ModuleCache.noindex -sdk-module-cache-path /Users/cansagnak/Library/Developer/Xcode/DerivedData/ModuleCache.noindex -serialize-diagnostics -emit-dependencies -emit-module -emit-module-path /Users/cansagnak/Library/Developer/Xcode/DerivedData/StarLaunch-anckypzlcokghgcegclxhzrcvjij/Build/Intermediates.noindex/StarLaunch.build/Debug-iphonesimulator/StarLaunch.build/Objects-normal/x86_64/StarLaunch.swiftmodule -validate-clang-modules-once -clang-build-session-file /Users/cansagnak/Library/Developer/Xcode/DerivedData/ModuleCache.noindex/Session.modulevalidation -Xcc -I/Users/cansagnak/Library/Developer/Xcode/DerivedData/StarLaunch-anckypzlcokghgcegclxhzrcvjij/Build/Intermediates.noindex/StarLaunch.build/Debug-iphonesimulator/StarLaunch.build/swift-overrides.hmap -emit-const-values -Xfrontend -const-gather-protocols-file -Xfrontend /Users/cansagnak/Library/Developer/Xcode/DerivedData/StarLaunch-anckypzlcokghgcegclxhzrcvjij/Build/Intermediates.noindex/StarLaunch.build/Debug-iphonesimulator/StarLaunch.build/Objects-normal/x86_64/StarLaunch_const_extract_protocols.json -Xcc -iquote -Xcc /Users/cansagnak/Library/Developer/Xcode/DerivedData/StarLaunch-anckypzlcokghgcegclxhzrcvjij/Build/Intermediates.noindex/StarLaunch.build/Debug-iphonesimulator/StarLaunch.build/StarLaunch-generated-files.hmap -Xcc -I/Users/cansagnak/Library/Developer/Xcode/DerivedData/StarLaunch-anckypzlcokghgcegclxhzrcvjij/Build/Intermediates.noindex/StarLaunch.build/Debug-iphonesimulator/StarLaunch.build/StarLaunch-own-target-headers.hmap -Xcc -I/Users/cansagnak/Library/Developer/Xcode/DerivedData/StarLaunch-anckypzlcokghgcegclxhzrcvjij/Build/Intermediates.noindex/StarLaunch.build/Debug-iphonesimulator/StarLaunch.build/StarLaunch-all-target-headers.hmap -Xcc -iquote -Xcc /Users/cansagnak/Library/Developer/Xcode/DerivedData/StarLaunch-anckypzlcokghgcegclxhzrcvjij/Build/Intermediates.noindex/StarLaunch.build/Debug-iphonesimulator/StarLaunch.build/StarLaunch-project-headers.hmap -Xcc -I/Users/cansagnak/Library/Developer/Xcode/DerivedData/StarLaunch-anckypzlcokghgcegclxhzrcvjij/Build/Products/Debug-iphonesimulator/include -Xcc -I/Users/cansagnak/Library/Developer/Xcode/DerivedData/StarLaunch-anckypzlcokghgcegclxhzrcvjij/Build/Intermediates.noindex/StarLaunch.build/Debug-iphonesimulator/StarLaunch.build/DerivedSources-normal/x86_64 -Xcc -I/Users/cansagnak/Library/Developer/Xcode/DerivedData/StarLaunch-anckypzlcokghgcegclxhzrcvjij/Build/Intermediates.noindex/StarLaunch.build/Debug-iphonesimulator/StarLaunch.build/DerivedSources/x86_64 -Xcc -I/Users/cansagnak/Library/Developer/Xcode/DerivedData/StarLaunch-anckypzlcokghgcegclxhzrcvjij/Build/Intermediates.noindex/StarLaunch.build/Debug-iphonesimulator/StarLaunch.build/DerivedSources -Xcc -DDEBUG\=1 -emit-objc-header -emit-objc-header-path /Users/cansagnak/Library/Developer/Xcode/DerivedData/StarLaunch-anckypzlcokghgcegclxhzrcvjij/Build/Intermediates.noindex/StarLaunch.build/Debug-iphonesimulator/StarLaunch.build/Objects-normal/x86_64/StarLaunch-Swift.h -working-directory /Users/cansagnak/Desktop/StarLaunch -experimental-emit-module-separately -disable-cmo

SwiftDriver StarLaunch normal arm64 com.apple.xcode.tools.swift.compiler (in target 'StarLaunch' from project 'StarLaunch')
    cd /Users/cansagnak/Desktop/StarLaunch
    builtin-SwiftDriver -- /Applications/Xcode.app/Contents/Developer/Toolchains/XcodeDefault.xctoolchain/usr/bin/swiftc -module-name StarLaunch -Onone -enforce-exclusivity\=checked @/Users/cansagnak/Library/Developer/Xcode/DerivedData/StarLaunch-anckypzlcokghgcegclxhzrcvjij/Build/Intermediates.noindex/StarLaunch.build/Debug-iphonesimulator/StarLaunch.build/Objects-normal/arm64/StarLaunch.SwiftFileList -DDEBUG -default-isolation\=MainActor -enable-bare-slash-regex -enable-upcoming-feature DisableOutwardActorInference -enable-upcoming-feature InferSendableFromCaptures -enable-upcoming-feature GlobalActorIsolatedTypesUsability -enable-upcoming-feature MemberImportVisibility -enable-upcoming-feature InferIsolatedConformances -enable-upcoming-feature NonisolatedNonsendingByDefault -enable-experimental-feature DebugDescriptionMacro -sdk /Applications/Xcode.app/Contents/Developer/Platforms/iPhoneSimulator.platform/Developer/SDKs/iPhoneSimulator26.2.sdk -target arm64-apple-ios16.6-simulator -g -module-cache-path /Users/cansagnak/Library/Developer/Xcode/DerivedData/ModuleCache.noindex -Xfrontend -serialize-debugging-options -enable-testing -index-store-path /Users/cansagnak/Library/Developer/Xcode/DerivedData/StarLaunch-anckypzlcokghgcegclxhzrcvjij/Index.noindex/DataStore -Xcc -D_LIBCPP_HARDENING_MODE\=_LIBCPP_HARDENING_MODE_DEBUG -swift-version 5 -I /Users/cansagnak/Library/Developer/Xcode/DerivedData/StarLaunch-anckypzlcokghgcegclxhzrcvjij/Build/Products/Debug-iphonesimulator -F /Users/cansagnak/Library/Developer/Xcode/DerivedData/StarLaunch-anckypzlcokghgcegclxhzrcvjij/Build/Products/Debug-iphonesimulator -emit-localized-strings -emit-localized-strings-path /Users/cansagnak/Library/Developer/Xcode/DerivedData/StarLaunch-anckypzlcokghgcegclxhzrcvjij/Build/Intermediates.noindex/StarLaunch.build/Debug-iphonesimulator/StarLaunch.build/Objects-normal/arm64 -c -j10 -enable-batch-mode -incremental -Xcc -ivfsstatcache -Xcc /Users/cansagnak/Library/Developer/Xcode/DerivedData/SDKStatCaches.noindex/iphonesimulator26.2-23C53-7d00a8b37fbd7999ea79df8ebc024bf0.sdkstatcache -output-file-map /Users/cansagnak/Library/Developer/Xcode/DerivedData/StarLaunch-anckypzlcokghgcegclxhzrcvjij/Build/Intermediates.noindex/StarLaunch.build/Debug-iphonesimulator/StarLaunch.build/Objects-normal/arm64/StarLaunch-OutputFileMap.json -use-frontend-parseable-output -save-temps -no-color-diagnostics -explicit-module-build -module-cache-path /Users/cansagnak/Library/Developer/Xcode/DerivedData/StarLaunch-anckypzlcokghgcegclxhzrcvjij/Build/Intermediates.noindex/SwiftExplicitPrecompiledModules -clang-scanner-module-cache-path /Users/cansagnak/Library/Developer/Xcode/DerivedData/ModuleCache.noindex -sdk-module-cache-path /Users/cansagnak/Library/Developer/Xcode/DerivedData/ModuleCache.noindex -serialize-diagnostics -emit-dependencies -emit-module -emit-module-path /Users/cansagnak/Library/Developer/Xcode/DerivedData/StarLaunch-anckypzlcokghgcegclxhzrcvjij/Build/Intermediates.noindex/StarLaunch.build/Debug-iphonesimulator/StarLaunch.build/Objects-normal/arm64/StarLaunch.swiftmodule -validate-clang-modules-once -clang-build-session-file /Users/cansagnak/Library/Developer/Xcode/DerivedData/ModuleCache.noindex/Session.modulevalidation -Xcc -I/Users/cansagnak/Library/Developer/Xcode/DerivedData/StarLaunch-anckypzlcokghgcegclxhzrcvjij/Build/Intermediates.noindex/StarLaunch.build/Debug-iphonesimulator/StarLaunch.build/swift-overrides.hmap -emit-const-values -Xfrontend -const-gather-protocols-file -Xfrontend /Users/cansagnak/Library/Developer/Xcode/DerivedData/StarLaunch-anckypzlcokghgcegclxhzrcvjij/Build/Intermediates.noindex/StarLaunch.build/Debug-iphonesimulator/StarLaunch.build/Objects-normal/arm64/StarLaunch_const_extract_protocols.json -Xcc -iquote -Xcc /Users/cansagnak/Library/Developer/Xcode/DerivedData/StarLaunch-anckypzlcokghgcegclxhzrcvjij/Build/Intermediates.noindex/StarLaunch.build/Debug-iphonesimulator/StarLaunch.build/StarLaunch-generated-files.hmap -Xcc -I/Users/cansagnak/Library/Developer/Xcode/DerivedData/StarLaunch-anckypzlcokghgcegclxhzrcvjij/Build/Intermediates.noindex/StarLaunch.build/Debug-iphonesimulator/StarLaunch.build/StarLaunch-own-target-headers.hmap -Xcc -I/Users/cansagnak/Library/Developer/Xcode/DerivedData/StarLaunch-anckypzlcokghgcegclxhzrcvjij/Build/Intermediates.noindex/StarLaunch.build/Debug-iphonesimulator/StarLaunch.build/StarLaunch-all-target-headers.hmap -Xcc -iquote -Xcc /Users/cansagnak/Library/Developer/Xcode/DerivedData/StarLaunch-anckypzlcokghgcegclxhzrcvjij/Build/Intermediates.noindex/StarLaunch.build/Debug-iphonesimulator/StarLaunch.build/StarLaunch-project-headers.hmap -Xcc -I/Users/cansagnak/Library/Developer/Xcode/DerivedData/StarLaunch-anckypzlcokghgcegclxhzrcvjij/Build/Products/Debug-iphonesimulator/include -Xcc -I/Users/cansagnak/Library/Developer/Xcode/DerivedData/StarLaunch-anckypzlcokghgcegclxhzrcvjij/Build/Intermediates.noindex/StarLaunch.build/Debug-iphonesimulator/StarLaunch.build/DerivedSources-normal/arm64 -Xcc -I/Users/cansagnak/Library/Developer/Xcode/DerivedData/StarLaunch-anckypzlcokghgcegclxhzrcvjij/Build/Intermediates.noindex/StarLaunch.build/Debug-iphonesimulator/StarLaunch.build/DerivedSources/arm64 -Xcc -I/Users/cansagnak/Library/Developer/Xcode/DerivedData/StarLaunch-anckypzlcokghgcegclxhzrcvjij/Build/Intermediates.noindex/StarLaunch.build/Debug-iphonesimulator/StarLaunch.build/DerivedSources -Xcc -DDEBUG\=1 -emit-objc-header -emit-objc-header-path /Users/cansagnak/Library/Developer/Xcode/DerivedData/StarLaunch-anckypzlcokghgcegclxhzrcvjij/Build/Intermediates.noindex/StarLaunch.build/Debug-iphonesimulator/StarLaunch.build/Objects-normal/arm64/StarLaunch-Swift.h -working-directory /Users/cansagnak/Desktop/StarLaunch -experimental-emit-module-separately -disable-cmo

SwiftCompile normal x86_64 Compiling\ ViewModelFactory.swift,\ LaunchListViewController+TableView+Extension.swift,\ UIColor.swift,\ UIImageView+Extension.swift,\ ImageLoader.swift,\ LocalizationManager.swift /Users/cansagnak/Desktop/StarLaunch/StarLaunch/Features/Core/DependencyInjection/ViewModelFactory.swift /Users/cansagnak/Desktop/StarLaunch/StarLaunch/Features/Core/Extensions/LaunchListViewController+TableView+Extension.swift /Users/cansagnak/Desktop/StarLaunch/StarLaunch/Features/Core/Extensions/UIColor.swift /Users/cansagnak/Desktop/StarLaunch/StarLaunch/Features/Core/Extensions/UIImageView+Extension.swift /Users/cansagnak/Desktop/StarLaunch/StarLaunch/Features/Core/ImageLoader/ImageLoader.swift /Users/cansagnak/Desktop/StarLaunch/StarLaunch/Features/Core/Localization/LocalizationManager.swift (in target 'StarLaunch' from project 'StarLaunch')
SwiftCompile normal x86_64 /Users/cansagnak/Desktop/StarLaunch/StarLaunch/Features/Core/DependencyInjection/ViewModelFactory.swift (in target 'StarLaunch' from project 'StarLaunch')
    cd /Users/cansagnak/Desktop/StarLaunch
    

SwiftCompile normal x86_64 /Users/cansagnak/Desktop/StarLaunch/StarLaunch/Features/Core/Extensions/LaunchListViewController+TableView+Extension.swift (in target 'StarLaunch' from project 'StarLaunch')
    cd /Users/cansagnak/Desktop/StarLaunch
    

SwiftCompile normal x86_64 /Users/cansagnak/Desktop/StarLaunch/StarLaunch/Features/Core/Extensions/UIColor.swift (in target 'StarLaunch' from project 'StarLaunch')
    cd /Users/cansagnak/Desktop/StarLaunch
    

SwiftCompile normal x86_64 /Users/cansagnak/Desktop/StarLaunch/StarLaunch/Features/Core/Extensions/UIImageView+Extension.swift (in target 'StarLaunch' from project 'StarLaunch')
    cd /Users/cansagnak/Desktop/StarLaunch
    

SwiftCompile normal x86_64 /Users/cansagnak/Desktop/StarLaunch/StarLaunch/Features/Core/ImageLoader/ImageLoader.swift (in target 'StarLaunch' from project 'StarLaunch')
    cd /Users/cansagnak/Desktop/StarLaunch
    

SwiftCompile normal x86_64 /Users/cansagnak/Desktop/StarLaunch/StarLaunch/Features/Core/Localization/LocalizationManager.swift (in target 'StarLaunch' from project 'StarLaunch')
    cd /Users/cansagnak/Desktop/StarLaunch
    

SwiftCompile normal x86_64 Compiling\ SearchViewController.swift,\ LegalViewController.swift,\ SettingsViewController.swift,\ Colors.swift,\ GeneratedAssetSymbols.swift /Users/cansagnak/Desktop/StarLaunch/StarLaunch/Features/Search/SearchViewController.swift /Users/cansagnak/Desktop/StarLaunch/StarLaunch/Features/Settings/LegalViewController.swift /Users/cansagnak/Desktop/StarLaunch/StarLaunch/Features/Settings/SettingsViewController.swift /Users/cansagnak/Desktop/StarLaunch/StarLaunch/Profile/Thema/Colors.swift /Users/cansagnak/Library/Developer/Xcode/DerivedData/StarLaunch-anckypzlcokghgcegclxhzrcvjij/Build/Intermediates.noindex/StarLaunch.build/Debug-iphonesimulator/StarLaunch.build/DerivedSources/GeneratedAssetSymbols.swift (in target 'StarLaunch' from project 'StarLaunch')

SwiftCompile normal x86_64 /Users/cansagnak/Desktop/StarLaunch/StarLaunch/Features/Search/SearchViewController.swift (in target 'StarLaunch' from project 'StarLaunch')
    cd /Users/cansagnak/Desktop/StarLaunch
    

SwiftCompile normal x86_64 /Users/cansagnak/Desktop/StarLaunch/StarLaunch/Features/Settings/LegalViewController.swift (in target 'StarLaunch' from project 'StarLaunch')
    cd /Users/cansagnak/Desktop/StarLaunch
    

SwiftCompile normal x86_64 /Users/cansagnak/Desktop/StarLaunch/StarLaunch/Features/Settings/SettingsViewController.swift (in target 'StarLaunch' from project 'StarLaunch')
    cd /Users/cansagnak/Desktop/StarLaunch
    

SwiftCompile normal x86_64 /Users/cansagnak/Desktop/StarLaunch/StarLaunch/Profile/Thema/Colors.swift (in target 'StarLaunch' from project 'StarLaunch')
    cd /Users/cansagnak/Desktop/StarLaunch
    

SwiftCompile normal x86_64 /Users/cansagnak/Library/Developer/Xcode/DerivedData/StarLaunch-anckypzlcokghgcegclxhzrcvjij/Build/Intermediates.noindex/StarLaunch.build/Debug-iphonesimulator/StarLaunch.build/DerivedSources/GeneratedAssetSymbols.swift (in target 'StarLaunch' from project 'StarLaunch')
    cd /Users/cansagnak/Desktop/StarLaunch
    

SwiftCompile normal x86_64 Compiling\ RetryPolicy.swift,\ NotificationManager.swift,\ EmptyStateView.swift,\ ErrorView.swift,\ HapticManager.swift,\ SkeletonView.swift /Users/cansagnak/Desktop/StarLaunch/StarLaunch/Features/Core/Networking/RetryPolicy.swift /Users/cansagnak/Desktop/StarLaunch/StarLaunch/Features/Core/Notifications/NotificationManager.swift /Users/cansagnak/Desktop/StarLaunch/StarLaunch/Features/Core/UI/EmptyStateView.swift /Users/cansagnak/Desktop/StarLaunch/StarLaunch/Features/Core/UI/ErrorView.swift /Users/cansagnak/Desktop/StarLaunch/StarLaunch/Features/Core/UI/HapticManager.swift /Users/cansagnak/Desktop/StarLaunch/StarLaunch/Features/Core/UI/SkeletonView.swift (in target 'StarLaunch' from project 'StarLaunch')
SwiftCompile normal x86_64 /Users/cansagnak/Desktop/StarLaunch/StarLaunch/Features/Core/Networking/RetryPolicy.swift (in target 'StarLaunch' from project 'StarLaunch')
    cd /Users/cansagnak/Desktop/StarLaunch
    

SwiftCompile normal x86_64 /Users/cansagnak/Desktop/StarLaunch/StarLaunch/Features/Core/Notifications/NotificationManager.swift (in target 'StarLaunch' from project 'StarLaunch')
    cd /Users/cansagnak/Desktop/StarLaunch
    

SwiftCompile normal x86_64 /Users/cansagnak/Desktop/StarLaunch/StarLaunch/Features/Core/UI/EmptyStateView.swift (in target 'StarLaunch' from project 'StarLaunch')
    cd /Users/cansagnak/Desktop/StarLaunch
    

SwiftCompile normal x86_64 /Users/cansagnak/Desktop/StarLaunch/StarLaunch/Features/Core/UI/ErrorView.swift (in target 'StarLaunch' from project 'StarLaunch')
    cd /Users/cansagnak/Desktop/StarLaunch
    

SwiftCompile normal x86_64 /Users/cansagnak/Desktop/StarLaunch/StarLaunch/Features/Core/UI/HapticManager.swift (in target 'StarLaunch' from project 'StarLaunch')
    cd /Users/cansagnak/Desktop/StarLaunch
    

SwiftCompile normal x86_64 /Users/cansagnak/Desktop/StarLaunch/StarLaunch/Features/Core/UI/SkeletonView.swift (in target 'StarLaunch' from project 'StarLaunch')
    cd /Users/cansagnak/Desktop/StarLaunch
    

SwiftCompile normal x86_64 Compiling\ Coordinator.swift,\ MainTabBarController.swift,\ APIConstants.swift,\ NetworkError.swift,\ NetworkMonitor.swift,\ NetworkService.swift /Users/cansagnak/Desktop/StarLaunch/StarLaunch/Features/Core/Navigation/Coordinator.swift /Users/cansagnak/Desktop/StarLaunch/StarLaunch/Features/Core/Navigation/MainTabBarController.swift /Users/cansagnak/Desktop/StarLaunch/StarLaunch/Features/Core/Networking/APIConstants.swift /Users/cansagnak/Desktop/StarLaunch/StarLaunch/Features/Core/Networking/NetworkError.swift /Users/cansagnak/Desktop/StarLaunch/StarLaunch/Features/Core/Networking/NetworkMonitor.swift /Users/cansagnak/Desktop/StarLaunch/StarLaunch/Features/Core/Networking/NetworkService.swift (in target 'StarLaunch' from project 'StarLaunch')

SwiftCompile normal x86_64 /Users/cansagnak/Desktop/StarLaunch/StarLaunch/Features/Core/Navigation/Coordinator.swift (in target 'StarLaunch' from project 'StarLaunch')
    cd /Users/cansagnak/Desktop/StarLaunch
    

SwiftCompile normal x86_64 /Users/cansagnak/Desktop/StarLaunch/StarLaunch/Features/Core/Navigation/MainTabBarController.swift (in target 'StarLaunch' from project 'StarLaunch')
    cd /Users/cansagnak/Desktop/StarLaunch
    

SwiftCompile normal x86_64 /Users/cansagnak/Desktop/StarLaunch/StarLaunch/Features/Core/Networking/APIConstants.swift (in target 'StarLaunch' from project 'StarLaunch')
    cd /Users/cansagnak/Desktop/StarLaunch
    

SwiftCompile normal x86_64 /Users/cansagnak/Desktop/StarLaunch/StarLaunch/Features/Core/Networking/NetworkError.swift (in target 'StarLaunch' from project 'StarLaunch')
    cd /Users/cansagnak/Desktop/StarLaunch
    

SwiftCompile normal x86_64 /Users/cansagnak/Desktop/StarLaunch/StarLaunch/Features/Core/Networking/NetworkMonitor.swift (in target 'StarLaunch' from project 'StarLaunch')
    cd /Users/cansagnak/Desktop/StarLaunch
    

SwiftCompile normal x86_64 /Users/cansagnak/Desktop/StarLaunch/StarLaunch/Features/Core/Networking/NetworkService.swift (in target 'StarLaunch' from project 'StarLaunch')
    cd /Users/cansagnak/Desktop/StarLaunch
    

SwiftCompile normal x86_64 Compiling\ AstronautListViewController.swift,\ InfoRowView.swift,\ LaunchDetailViewController.swift,\ Launch.swift,\ LaunchListViewModel.swift /Users/cansagnak/Desktop/StarLaunch/StarLaunch/Features/LaunchDetail/Views/AstronautListViewController.swift /Users/cansagnak/Desktop/StarLaunch/StarLaunch/Features/LaunchDetail/Views/InfoRowView.swift /Users/cansagnak/Desktop/StarLaunch/StarLaunch/Features/LaunchDetail/Views/LaunchDetailViewController.swift /Users/cansagnak/Desktop/StarLaunch/StarLaunch/Features/LaunchList/Models/Launch.swift /Users/cansagnak/Desktop/StarLaunch/StarLaunch/Features/LaunchList/ViewModels/LaunchListViewModel.swift (in target 'StarLaunch' from project 'StarLaunch')

SwiftCompile normal x86_64 /Users/cansagnak/Desktop/StarLaunch/StarLaunch/Features/LaunchDetail/Views/AstronautListViewController.swift (in target 'StarLaunch' from project 'StarLaunch')
    cd /Users/cansagnak/Desktop/StarLaunch
    

SwiftCompile normal x86_64 /Users/cansagnak/Desktop/StarLaunch/StarLaunch/Features/LaunchDetail/Views/InfoRowView.swift (in target 'StarLaunch' from project 'StarLaunch')
    cd /Users/cansagnak/Desktop/StarLaunch
    

SwiftCompile normal x86_64 /Users/cansagnak/Desktop/StarLaunch/StarLaunch/Features/LaunchDetail/Views/LaunchDetailViewController.swift (in target 'StarLaunch' from project 'StarLaunch')
    cd /Users/cansagnak/Desktop/StarLaunch
    

SwiftCompile normal x86_64 /Users/cansagnak/Desktop/StarLaunch/StarLaunch/Features/LaunchList/Models/Launch.swift (in target 'StarLaunch' from project 'StarLaunch')
    cd /Users/cansagnak/Desktop/StarLaunch
    

SwiftCompile normal x86_64 /Users/cansagnak/Desktop/StarLaunch/StarLaunch/Features/LaunchList/ViewModels/LaunchListViewModel.swift (in target 'StarLaunch' from project 'StarLaunch')
    cd /Users/cansagnak/Desktop/StarLaunch
    

SwiftEmitModule normal x86_64 Emitting\ module\ for\ StarLaunch (in target 'StarLaunch' from project 'StarLaunch')
Failed frontend command:
/Applications/Xcode.app/Contents/Developer/Toolchains/XcodeDefault.xctoolchain/usr/bin/swift-frontend -frontend -emit-module -experimental-skip-non-inlinable-function-bodies-without-types /Users/cansagnak/Desktop/StarLaunch/StarLaunch/App/AppDelegate.swift /Users/cansagnak/Desktop/StarLaunch/StarLaunch/App/SceneDelegate.swift /Users/cansagnak/Desktop/StarLaunch/StarLaunch/Features/Core/Analytics/AnalyticsService.swift /Users/cansagnak/Desktop/StarLaunch/StarLaunch/Features/Core/Caching/CacheManager.swift /Users/cansagnak/Desktop/StarLaunch/StarLaunch/Features/Core/Caching/OfflineDataManager.swift /Users/cansagnak/Desktop/StarLaunch/StarLaunch/Features/Core/DependencyInjection/DependencyContainer.swift /Users/cansagnak/Desktop/StarLaunch/StarLaunch/Features/Core/DependencyInjection/ViewModelFactory.swift /Users/cansagnak/Desktop/StarLaunch/StarLaunch/Features/Core/Extensions/LaunchListViewController+TableView+Extension.swift /Users/cansagnak/Desktop/StarLaunch/StarLaunch/Features/Core/Extensions/UIColor.swift /Users/cansagnak/Desktop/StarLaunch/StarLaunch/Features/Core/Extensions/UIImageView+Extension.swift /Users/cansagnak/Desktop/StarLaunch/StarLaunch/Features/Core/ImageLoader/ImageLoader.swift /Users/cansagnak/Desktop/StarLaunch/StarLaunch/Features/Core/Localization/LocalizationManager.swift /Users/cansagnak/Desktop/StarLaunch/StarLaunch/Features/Core/Navigation/Coordinator.swift /Users/cansagnak/Desktop/StarLaunch/StarLaunch/Features/Core/Navigation/MainTabBarController.swift /Users/cansagnak/Desktop/StarLaunch/StarLaunch/Features/Core/Networking/APIConstants.swift /Users/cansagnak/Desktop/StarLaunch/StarLaunch/Features/Core/Networking/NetworkError.swift /Users/cansagnak/Desktop/StarLaunch/StarLaunch/Features/Core/Networking/NetworkMonitor.swift /Users/cansagnak/Desktop/StarLaunch/StarLaunch/Features/Core/Networking/NetworkService.swift /Users/cansagnak/Desktop/StarLaunch/StarLaunch/Features/Core/Networking/RetryPolicy.swift /Users/cansagnak/Desktop/StarLaunch/StarLaunch/Features/Core/Notifications/NotificationManager.swift /Users/cansagnak/Desktop/StarLaunch/StarLaunch/Features/Core/UI/EmptyStateView.swift /Users/cansagnak/Desktop/StarLaunch/StarLaunch/Features/Core/UI/ErrorView.swift /Users/cansagnak/Desktop/StarLaunch/StarLaunch/Features/Core/UI/HapticManager.swift /Users/cansagnak/Desktop/StarLaunch/StarLaunch/Features/Core/UI/SkeletonView.swift /Users/cansagnak/Desktop/StarLaunch/StarLaunch/Features/Core/UI/UIComponents.swift /Users/cansagnak/Desktop/StarLaunch/StarLaunch/Features/Core/SplashViewController.swift /Users/cansagnak/Desktop/StarLaunch/StarLaunch/Features/Dashboard/Models/Agency.swift /Users/cansagnak/Desktop/StarLaunch/StarLaunch/Features/Dashboard/Models/LaunchStat.swift /Users/cansagnak/Desktop/StarLaunch/StarLaunch/Features/Dashboard/Models/Spacecraft.swift /Users/cansagnak/Desktop/StarLaunch/StarLaunch/Features/Dashboard/Models/Starship.swift /Users/cansagnak/Desktop/StarLaunch/StarLaunch/Features/Dashboard/ViewModels/DashboardViewModel.swift /Users/cansagnak/Desktop/StarLaunch/StarLaunch/Features/Dashboard/Views/AgencyLogoCell.swift /Users/cansagnak/Desktop/StarLaunch/StarLaunch/Features/Dashboard/Views/DashboardViewController.swift /Users/cansagnak/Desktop/StarLaunch/StarLaunch/Features/Dashboard/Views/StatCardView.swift /Users/cansagnak/Desktop/StarLaunch/StarLaunch/Features/Favorites/FavoritesManager.swift /Users/cansagnak/Desktop/StarLaunch/StarLaunch/Features/Favorites/FavoritesViewController.swift /Users/cansagnak/Desktop/StarLaunch/StarLaunch/Features/LaunchDetail/Models/LaunchDetail.swift /Users/cansagnak/Desktop/StarLaunch/StarLaunch/Features/LaunchDetail/ViewModels/LaunchDetailViewModel.swift /Users/cansagnak/Desktop/StarLaunch/StarLaunch/Features/LaunchDetail/Views/AstronautCell.swift /Users/cansagnak/Desktop/StarLaunch/StarLaunch/Features/LaunchDetail/Views/AstronautListViewController.swift /Users/cansagnak/Desktop/StarLaunch/StarLaunch/Features/LaunchDetail/Views/InfoRowView.swift /Users/cansagnak/Desktop/StarLaunch/StarLaunch/Features/LaunchDetail/Views/LaunchDetailViewController.swift /Users/cansagnak/Desktop/StarLaunch/StarLaunch/Features/LaunchList/Models/Launch.swift /Users/cansagnak/Desktop/StarLaunch/StarLaunch/Features/LaunchList/ViewModels/LaunchListViewModel.swift /Users/cansagnak/Desktop/StarLaunch/StarLaunch/Features/LaunchList/Views/LaunchCell.swift /Users/cansagnak/Desktop/StarLaunch/StarLaunch/Features/LaunchList/Views/LaunchListViewController.swift /Users/cansagnak/Desktop/StarLaunch/StarLaunch/Features/Onboarding/OnboardingManager.swift /Users/cansagnak/Desktop/StarLaunch/StarLaunch/Features/Onboarding/OnboardingViewController.swift /Users/cansagnak/Desktop/StarLaunch/StarLaunch/Features/Search/SearchManager.swift /Users/cansagnak/Desktop/StarLaunch/StarLaunch/Features/Search/SearchViewController.swift /Users/cansagnak/Desktop/StarLaunch/StarLaunch/Features/Settings/LegalViewController.swift /Users/cansagnak/Desktop/StarLaunch/StarLaunch/Features/Settings/SettingsViewController.swift /Users/cansagnak/Desktop/StarLaunch/StarLaunch/Profile/Thema/Colors.swift /Users/cansagnak/Library/Developer/Xcode/DerivedData/StarLaunch-anckypzlcokghgcegclxhzrcvjij/Build/Intermediates.noindex/StarLaunch.build/Debug-iphonesimulator/StarLaunch.build/DerivedSources/GeneratedAssetSymbols.swift -target x86_64-apple-ios16.6-simulator -module-can-import-version DeveloperToolsSupport 23.0.4 23.0.4 -module-can-import-version SwiftUI 7.2.5.1 7.2.5 -module-can-import-version UIKit 9126.2.4.1 9126.2.4 -load-resolved-plugin /Applications/Xcode.app/Contents/Developer/Platforms/iPhoneOS.platform/Developer/usr/lib/swift/host/plugins/libFoundationMacros.dylib\#/Applications/Xcode.app/Contents/Developer/Platforms/iPhoneOS.platform/Developer/usr/bin/swift-plugin-server\#FoundationMacros -load-resolved-plugin /Applications/Xcode.app/Contents/Developer/Platforms/iPhoneOS.platform/Developer/usr/lib/swift/host/plugins/libObservationMacros.dylib\#/Applications/Xcode.app/Contents/Developer/Platforms/iPhoneOS.platform/Developer/usr/bin/swift-plugin-server\#ObservationMacros -load-resolved-plugin /Applications/Xcode.app/Contents/Developer/Platforms/iPhoneOS.platform/Developer/usr/lib/swift/host/plugins/libPreviewsMacros.dylib\#/Applications/Xcode.app/Contents/Developer/Platforms/iPhoneOS.platform/Developer/usr/bin/swift-plugin-server\#PreviewsMacros -load-resolved-plugin /Applications/Xcode.app/Contents/Developer/Platforms/iPhoneOS.platform/Developer/usr/lib/swift/host/plugins/libSwiftMacros.dylib\#/Applications/Xcode.app/Contents/Developer/Platforms/iPhoneOS.platform/Developer/usr/bin/swift-plugin-server\#SwiftMacros -load-resolved-plugin /Applications/Xcode.app/Contents/Developer/Platforms/iPhoneOS.platform/Developer/usr/lib/swift/host/plugins/libSwiftUIMacros.dylib\#/Applications/Xcode.app/Contents/Developer/Platforms/iPhoneOS.platform/Developer/usr/bin/swift-plugin-server\#SwiftUIMacros -disable-implicit-swift-modules -Xcc -fno-implicit-modules -Xcc -fno-implicit-module-maps -explicit-swift-module-map-file /Users/cansagnak/Library/Developer/Xcode/DerivedData/StarLaunch-anckypzlcokghgcegclxhzrcvjij/Build/Intermediates.noindex/StarLaunch.build/Debug-iphonesimulator/StarLaunch.build/Objects-normal/x86_64/StarLaunch-dependencies-2.json -enable-objc-interop -sdk /Applications/Xcode.app/Contents/Developer/Platforms/iPhoneSimulator.platform/Developer/SDKs/iPhoneSimulator26.2.sdk -I /Users/cansagnak/Library/Developer/Xcode/DerivedData/StarLaunch-anckypzlcokghgcegclxhzrcvjij/Build/Products/Debug-iphonesimulator -F /Users/cansagnak/Library/Developer/Xcode/DerivedData/StarLaunch-anckypzlcokghgcegclxhzrcvjij/Build/Products/Debug-iphonesimulator -no-color-diagnostics -Xcc -fno-color-diagnostics -enable-testing -g -debug-info-format\=dwarf -dwarf-version\=4 -module-cache-path /Users/cansagnak/Library/Developer/Xcode/DerivedData/StarLaunch-anckypzlcokghgcegclxhzrcvjij/Build/Intermediates.noindex/SwiftExplicitPrecompiledModules -swift-version 5 -enforce-exclusivity\=checked -Onone -D DEBUG -serialize-debugging-options -const-gather-protocols-file /Users/cansagnak/Library/Developer/Xcode/DerivedData/StarLaunch-anckypzlcokghgcegclxhzrcvjij/Build/Intermediates.noindex/StarLaunch.build/Debug-iphonesimulator/StarLaunch.build/Objects-normal/x86_64/StarLaunch_const_extract_protocols.json -enable-upcoming-feature DisableOutwardActorInference -enable-upcoming-feature InferSendableFromCaptures -enable-upcoming-feature GlobalActorIsolatedTypesUsability -enable-upcoming-feature MemberImportVisibility -enable-upcoming-feature InferIsolatedConformances -enable-upcoming-feature NonisolatedNonsendingByDefault -enable-experimental-feature DebugDescriptionMacro -enable-bare-slash-regex -default-isolation\=MainActor -empty-abi-descriptor -validate-clang-modules-once -clang-build-session-file /Users/cansagnak/Library/Developer/Xcode/DerivedData/ModuleCache.noindex/Session.modulevalidation -Xcc -working-directory -Xcc /Users/cansagnak/Desktop/StarLaunch -enable-anonymous-context-mangled-names -file-compilation-dir /Users/cansagnak/Desktop/StarLaunch -Xcc -D_LIBCPP_HARDENING_MODE\=_LIBCPP_HARDENING_MODE_DEBUG -Xcc -ivfsstatcache -Xcc /Users/cansagnak/Library/Developer/Xcode/DerivedData/SDKStatCaches.noindex/iphonesimulator26.2-23C53-7d00a8b37fbd7999ea79df8ebc024bf0.sdkstatcache -Xcc -I/Users/cansagnak/Library/Developer/Xcode/DerivedData/StarLaunch-anckypzlcokghgcegclxhzrcvjij/Build/Intermediates.noindex/StarLaunch.build/Debug-iphonesimulator/StarLaunch.build/swift-overrides.hmap -Xcc -iquote -Xcc /Users/cansagnak/Library/Developer/Xcode/DerivedData/StarLaunch-anckypzlcokghgcegclxhzrcvjij/Build/Intermediates.noindex/StarLaunch.build/Debug-iphonesimulator/StarLaunch.build/StarLaunch-generated-files.hmap -Xcc -I/Users/cansagnak/Library/Developer/Xcode/DerivedData/StarLaunch-anckypzlcokghgcegclxhzrcvjij/Build/Intermediates.noindex/StarLaunch.build/Debug-iphonesimulator/StarLaunch.build/StarLaunch-own-target-headers.hmap -Xcc -I/Users/cansagnak/Library/Developer/Xcode/DerivedData/StarLaunch-anckypzlcokghgcegclxhzrcvjij/Build/Intermediates.noindex/StarLaunch.build/Debug-iphonesimulator/StarLaunch.build/StarLaunch-all-target-headers.hmap -Xcc -iquote -Xcc /Users/cansagnak/Library/Developer/Xcode/DerivedData/StarLaunch-anckypzlcokghgcegclxhzrcvjij/Build/Intermediates.noindex/StarLaunch.build/Debug-iphonesimulator/StarLaunch.build/StarLaunch-project-headers.hmap -Xcc -I/Users/cansagnak/Library/Developer/Xcode/DerivedData/StarLaunch-anckypzlcokghgcegclxhzrcvjij/Build/Products/Debug-iphonesimulator/include -Xcc -I/Users/cansagnak/Library/Developer/Xcode/DerivedData/StarLaunch-anckypzlcokghgcegclxhzrcvjij/Build/Intermediates.noindex/StarLaunch.build/Debug-iphonesimulator/StarLaunch.build/DerivedSources-normal/x86_64 -Xcc -I/Users/cansagnak/Library/Developer/Xcode/DerivedData/StarLaunch-anckypzlcokghgcegclxhzrcvjij/Build/Intermediates.noindex/StarLaunch.build/Debug-iphonesimulator/StarLaunch.build/DerivedSources/x86_64 -Xcc -I/Users/cansagnak/Library/Developer/Xcode/DerivedData/StarLaunch-anckypzlcokghgcegclxhzrcvjij/Build/Intermediates.noindex/StarLaunch.build/Debug-iphonesimulator/StarLaunch.build/DerivedSources -Xcc -DDEBUG\=1 -no-auto-bridging-header-chaining -module-name StarLaunch -frontend-parseable-output -disable-clang-spi -target-sdk-version 26.2 -target-sdk-name iphonesimulator26.2 -clang-target x86_64-apple-ios26.2-simulator -in-process-plugin-server-path /Applications/Xcode.app/Contents/Developer/Toolchains/XcodeDefault.xctoolchain/usr/lib/swift/host/libSwiftInProcPluginServer.dylib -emit-module-doc-path /Users/cansagnak/Library/Developer/Xcode/DerivedData/StarLaunch-anckypzlcokghgcegclxhzrcvjij/Build/Intermediates.noindex/StarLaunch.build/Debug-iphonesimulator/StarLaunch.build/Objects-normal/x86_64/StarLaunch.swiftdoc -emit-module-source-info-path /Users/cansagnak/Library/Developer/Xcode/DerivedData/StarLaunch-anckypzlcokghgcegclxhzrcvjij/Build/Intermediates.noindex/StarLaunch.build/Debug-iphonesimulator/StarLaunch.build/Objects-normal/x86_64/StarLaunch.swiftsourceinfo -emit-objc-header-path /Users/cansagnak/Library/Developer/Xcode/DerivedData/StarLaunch-anckypzlcokghgcegclxhzrcvjij/Build/Intermediates.noindex/StarLaunch.build/Debug-iphonesimulator/StarLaunch.build/Objects-normal/x86_64/StarLaunch-Swift.h -serialize-diagnostics-path /Users/cansagnak/Library/Developer/Xcode/DerivedData/StarLaunch-anckypzlcokghgcegclxhzrcvjij/Build/Intermediates.noindex/StarLaunch.build/Debug-iphonesimulator/StarLaunch.build/Objects-normal/x86_64/StarLaunch-primary-emit-module.dia -emit-dependencies-path /Users/cansagnak/Library/Developer/Xcode/DerivedData/StarLaunch-anckypzlcokghgcegclxhzrcvjij/Build/Intermediates.noindex/StarLaunch.build/Debug-iphonesimulator/StarLaunch.build/Objects-normal/x86_64/StarLaunch-primary-emit-module.d -o /Users/cansagnak/Library/Developer/Xcode/DerivedData/StarLaunch-anckypzlcokghgcegclxhzrcvjij/Build/Intermediates.noindex/StarLaunch.build/Debug-iphonesimulator/StarLaunch.build/Objects-normal/x86_64/StarLaunch.swiftmodule -emit-abi-descriptor-path /Users/cansagnak/Library/Developer/Xcode/DerivedData/StarLaunch-anckypzlcokghgcegclxhzrcvjij/Build/Intermediates.noindex/StarLaunch.build/Debug-iphonesimulator/StarLaunch.build/Objects-normal/x86_64/StarLaunch.abi.json

EmitSwiftModule normal x86_64 (in target 'StarLaunch' from project 'StarLaunch')
    cd /Users/cansagnak/Desktop/StarLaunch
    
/Users/cansagnak/Desktop/StarLaunch/StarLaunch/Features/Core/Networking/NetworkService.swift:91:32: warning: main actor-isolated static property 'default' can not be referenced from a nonisolated context
        policy: RetryPolicy = .default
                               ^
/Users/cansagnak/Desktop/StarLaunch/StarLaunch/Features/Core/Networking/RetryPolicy.swift:16:16: note: static property declared here
    static let `default` = RetryPolicy(
               ^
/Users/cansagnak/Desktop/StarLaunch/StarLaunch/Features/Core/Networking/NetworkService.swift:38:10: warning: non-Sendable parameter type 'T.Type' cannot be sent from caller of protocol requirement 'fetch(from:as:)' into main actor-isolated implementation; this is an error in the Swift 6 language mode
    func fetch<T: Decodable>(from urlString: String, as type: T.Type) async throws -> T {
         ^
/Users/cansagnak/Desktop/StarLaunch/StarLaunch/Features/Core/Networking/NetworkService.swift:88:10: warning: non-Sendable parameter type 'T.Type' cannot be sent from caller of protocol requirement 'fetchWithRetry(from:as:policy:)' into main actor-isolated implementation; this is an error in the Swift 6 language mode
    func fetchWithRetry<T: Decodable>(
         ^
/Users/cansagnak/Desktop/StarLaunch/StarLaunch/Features/Dashboard/ViewModels/DashboardViewModel.swift:31:65: warning: main actor-isolated static property 'shared' can not be referenced from a nonisolated context
        networkService: NetworkServiceProtocol = NetworkService.shared,
                                                                ^
/Users/cansagnak/Desktop/StarLaunch/StarLaunch/Features/Core/Networking/NetworkService.swift:17:16: note: static property declared here
    static let shared = NetworkService()
               ^
/Users/cansagnak/Desktop/StarLaunch/StarLaunch/Features/Dashboard/ViewModels/DashboardViewModel.swift:32:69: warning: main actor-isolated static property 'shared' can not be referenced from a nonisolated context
        offlineDataManager: OfflineDataManager = OfflineDataManager.shared,
                                                                    ^
/Users/cansagnak/Desktop/StarLaunch/StarLaunch/Features/Core/Caching/OfflineDataManager.swift:12:16: note: static property declared here
    static let shared = OfflineDataManager()
               ^
/Users/cansagnak/Desktop/StarLaunch/StarLaunch/Features/Dashboard/ViewModels/DashboardViewModel.swift:33:71: warning: main actor-isolated static property 'shared' can not be referenced from a nonisolated context
        analyticsService: AnalyticsServiceProtocol = AnalyticsService.shared
                                                                      ^
/Users/cansagnak/Desktop/StarLaunch/StarLaunch/Features/Core/Analytics/AnalyticsService.swift:28:16: note: static property declared here
    static let shared = AnalyticsService()
               ^
/Users/cansagnak/Desktop/StarLaunch/StarLaunch/Features/LaunchDetail/ViewModels/LaunchDetailViewModel.swift:35:65: warning: main actor-isolated static property 'shared' can not be referenced from a nonisolated context
        networkService: NetworkServiceProtocol = NetworkService.shared,
                                                                ^
/Users/cansagnak/Desktop/StarLaunch/StarLaunch/Features/Core/Networking/NetworkService.swift:17:16: note: static property declared here
    static let shared = NetworkService()
               ^
/Users/cansagnak/Desktop/StarLaunch/StarLaunch/Features/LaunchDetail/ViewModels/LaunchDetailViewModel.swift:36:63: warning: main actor-isolated static property 'shared' can not be referenced from a nonisolated context
        favoritesManager: FavoritesManager = FavoritesManager.shared,
                                                              ^
/Users/cansagnak/Desktop/StarLaunch/StarLaunch/Features/Favorites/FavoritesManager.swift:12:16: note: static property declared here
    static let shared = FavoritesManager()
               ^
/Users/cansagnak/Desktop/StarLaunch/StarLaunch/Features/LaunchDetail/ViewModels/LaunchDetailViewModel.swift:37:72: warning: main actor-isolated static property 'shared' can not be referenced from a nonisolated context
        notificationManager: NotificationManager = NotificationManager.shared,
                                                                       ^
/Users/cansagnak/Desktop/StarLaunch/StarLaunch/Features/Core/Notifications/NotificationManager.swift:12:16: note: static property declared here
    static let shared = NotificationManager()
               ^
/Users/cansagnak/Desktop/StarLaunch/StarLaunch/Features/LaunchDetail/ViewModels/LaunchDetailViewModel.swift:38:71: warning: main actor-isolated static property 'shared' can not be referenced from a nonisolated context
        analyticsService: AnalyticsServiceProtocol = AnalyticsService.shared
                                                                      ^
/Users/cansagnak/Desktop/StarLaunch/StarLaunch/Features/Core/Analytics/AnalyticsService.swift:28:16: note: static property declared here
    static let shared = AnalyticsService()
               ^
/Users/cansagnak/Desktop/StarLaunch/StarLaunch/Features/LaunchDetail/Views/LaunchDetailViewController.swift:115:50: error: cannot find 'toggleFavorite' in scope
        button.addTarget(self, action: #selector(toggleFavorite), for: .touchUpInside)
                                                 ^~~~~~~~~~~~~~
/Users/cansagnak/Desktop/StarLaunch/StarLaunch/Features/LaunchDetail/Views/LaunchDetailViewController.swift:129:50: error: cannot find 'toggleNotification' in scope
        button.addTarget(self, action: #selector(toggleNotification), for: .touchUpInside)
                                                 ^~~~~~~~~~~~~~~~~~
/Users/cansagnak/Desktop/StarLaunch/StarLaunch/Features/LaunchList/ViewModels/LaunchListViewModel.swift:42:65: warning: main actor-isolated static property 'shared' can not be referenced from a nonisolated context
        networkService: NetworkServiceProtocol = NetworkService.shared,
                                                                ^
/Users/cansagnak/Desktop/StarLaunch/StarLaunch/Features/Core/Networking/NetworkService.swift:17:16: note: static property declared here
    static let shared = NetworkService()
               ^
/Users/cansagnak/Desktop/StarLaunch/StarLaunch/Features/LaunchList/ViewModels/LaunchListViewModel.swift:43:69: warning: main actor-isolated static property 'shared' can not be referenced from a nonisolated context
        offlineDataManager: OfflineDataManager = OfflineDataManager.shared,
                                                                    ^
/Users/cansagnak/Desktop/StarLaunch/StarLaunch/Features/Core/Caching/OfflineDataManager.swift:12:16: note: static property declared here
    static let shared = OfflineDataManager()
               ^
/Users/cansagnak/Desktop/StarLaunch/StarLaunch/Features/LaunchList/ViewModels/LaunchListViewModel.swift:44:63: warning: main actor-isolated static property 'shared' can not be referenced from a nonisolated context
        favoritesManager: FavoritesManager = FavoritesManager.shared,
                                                              ^
/Users/cansagnak/Desktop/StarLaunch/StarLaunch/Features/Favorites/FavoritesManager.swift:12:16: note: static property declared here
    static let shared = FavoritesManager()
               ^
/Users/cansagnak/Desktop/StarLaunch/StarLaunch/Features/LaunchList/ViewModels/LaunchListViewModel.swift:45:40: warning: call to main actor-isolated initializer 'init()' in a synchronous nonisolated context
        searchManager: SearchManager = SearchManager(),
                                       ^
/Users/cansagnak/Desktop/StarLaunch/StarLaunch/Features/Search/SearchManager.swift:58:5: note: calls to initializer 'init()' from outside of its actor context are implicitly asynchronous
    init() {
    ^
/Users/cansagnak/Desktop/StarLaunch/StarLaunch/Features/LaunchList/ViewModels/LaunchListViewModel.swift:46:71: warning: main actor-isolated static property 'shared' can not be referenced from a nonisolated context
        analyticsService: AnalyticsServiceProtocol = AnalyticsService.shared
                                                                      ^
/Users/cansagnak/Desktop/StarLaunch/StarLaunch/Features/Core/Analytics/AnalyticsService.swift:28:16: note: static property declared here
    static let shared = AnalyticsService()
               ^

SwiftCompile normal arm64 Compiling\ ViewModelFactory.swift,\ LaunchListViewController+TableView+Extension.swift,\ UIColor.swift,\ UIImageView+Extension.swift,\ ImageLoader.swift,\ LocalizationManager.swift /Users/cansagnak/Desktop/StarLaunch/StarLaunch/Features/Core/DependencyInjection/ViewModelFactory.swift /Users/cansagnak/Desktop/StarLaunch/StarLaunch/Features/Core/Extensions/LaunchListViewController+TableView+Extension.swift /Users/cansagnak/Desktop/StarLaunch/StarLaunch/Features/Core/Extensions/UIColor.swift /Users/cansagnak/Desktop/StarLaunch/StarLaunch/Features/Core/Extensions/UIImageView+Extension.swift /Users/cansagnak/Desktop/StarLaunch/StarLaunch/Features/Core/ImageLoader/ImageLoader.swift /Users/cansagnak/Desktop/StarLaunch/StarLaunch/Features/Core/Localization/LocalizationManager.swift (in target 'StarLaunch' from project 'StarLaunch')

SwiftCompile normal arm64 /Users/cansagnak/Desktop/StarLaunch/StarLaunch/Features/Core/DependencyInjection/ViewModelFactory.swift (in target 'StarLaunch' from project 'StarLaunch')
    cd /Users/cansagnak/Desktop/StarLaunch
    

SwiftCompile normal arm64 /Users/cansagnak/Desktop/StarLaunch/StarLaunch/Features/Core/Extensions/LaunchListViewController+TableView+Extension.swift (in target 'StarLaunch' from project 'StarLaunch')
    cd /Users/cansagnak/Desktop/StarLaunch
    

SwiftCompile normal arm64 /Users/cansagnak/Desktop/StarLaunch/StarLaunch/Features/Core/Extensions/UIColor.swift (in target 'StarLaunch' from project 'StarLaunch')
    cd /Users/cansagnak/Desktop/StarLaunch
    

SwiftCompile normal arm64 /Users/cansagnak/Desktop/StarLaunch/StarLaunch/Features/Core/Extensions/UIImageView+Extension.swift (in target 'StarLaunch' from project 'StarLaunch')
    cd /Users/cansagnak/Desktop/StarLaunch
    

SwiftCompile normal arm64 /Users/cansagnak/Desktop/StarLaunch/StarLaunch/Features/Core/ImageLoader/ImageLoader.swift (in target 'StarLaunch' from project 'StarLaunch')
    cd /Users/cansagnak/Desktop/StarLaunch
    

SwiftCompile normal arm64 /Users/cansagnak/Desktop/StarLaunch/StarLaunch/Features/Core/Localization/LocalizationManager.swift (in target 'StarLaunch' from project 'StarLaunch')
    cd /Users/cansagnak/Desktop/StarLaunch
    

SwiftCompile normal x86_64 Compiling\ UIComponents.swift,\ SplashViewController.swift,\ Agency.swift,\ LaunchStat.swift,\ Spacecraft.swift /Users/cansagnak/Desktop/StarLaunch/StarLaunch/Features/Core/UI/UIComponents.swift /Users/cansagnak/Desktop/StarLaunch/StarLaunch/Features/Core/SplashViewController.swift /Users/cansagnak/Desktop/StarLaunch/StarLaunch/Features/Dashboard/Models/Agency.swift /Users/cansagnak/Desktop/StarLaunch/StarLaunch/Features/Dashboard/Models/LaunchStat.swift /Users/cansagnak/Desktop/StarLaunch/StarLaunch/Features/Dashboard/Models/Spacecraft.swift (in target 'StarLaunch' from project 'StarLaunch')
SwiftCompile normal x86_64 /Users/cansagnak/Desktop/StarLaunch/StarLaunch/Features/Core/UI/UIComponents.swift (in target 'StarLaunch' from project 'StarLaunch')
    cd /Users/cansagnak/Desktop/StarLaunch
    

SwiftCompile normal x86_64 /Users/cansagnak/Desktop/StarLaunch/StarLaunch/Features/Core/SplashViewController.swift (in target 'StarLaunch' from project 'StarLaunch')
    cd /Users/cansagnak/Desktop/StarLaunch
    

SwiftCompile normal x86_64 /Users/cansagnak/Desktop/StarLaunch/StarLaunch/Features/Dashboard/Models/Agency.swift (in target 'StarLaunch' from project 'StarLaunch')
    cd /Users/cansagnak/Desktop/StarLaunch
    

SwiftCompile normal x86_64 /Users/cansagnak/Desktop/StarLaunch/StarLaunch/Features/Dashboard/Models/LaunchStat.swift (in target 'StarLaunch' from project 'StarLaunch')
    cd /Users/cansagnak/Desktop/StarLaunch
    

SwiftCompile normal x86_64 /Users/cansagnak/Desktop/StarLaunch/StarLaunch/Features/Dashboard/Models/Spacecraft.swift (in target 'StarLaunch' from project 'StarLaunch')
    cd /Users/cansagnak/Desktop/StarLaunch
    

SwiftCompile normal x86_64 Compiling\ AppDelegate.swift,\ SceneDelegate.swift,\ AnalyticsService.swift,\ CacheManager.swift,\ OfflineDataManager.swift,\ DependencyContainer.swift /Users/cansagnak/Desktop/StarLaunch/StarLaunch/App/AppDelegate.swift /Users/cansagnak/Desktop/StarLaunch/StarLaunch/App/SceneDelegate.swift /Users/cansagnak/Desktop/StarLaunch/StarLaunch/Features/Core/Analytics/AnalyticsService.swift /Users/cansagnak/Desktop/StarLaunch/StarLaunch/Features/Core/Caching/CacheManager.swift /Users/cansagnak/Desktop/StarLaunch/StarLaunch/Features/Core/Caching/OfflineDataManager.swift /Users/cansagnak/Desktop/StarLaunch/StarLaunch/Features/Core/DependencyInjection/DependencyContainer.swift (in target 'StarLaunch' from project 'StarLaunch')

SwiftCompile normal x86_64 /Users/cansagnak/Desktop/StarLaunch/StarLaunch/App/AppDelegate.swift (in target 'StarLaunch' from project 'StarLaunch')
    cd /Users/cansagnak/Desktop/StarLaunch
    

SwiftCompile normal x86_64 /Users/cansagnak/Desktop/StarLaunch/StarLaunch/App/SceneDelegate.swift (in target 'StarLaunch' from project 'StarLaunch')
    cd /Users/cansagnak/Desktop/StarLaunch
    

SwiftCompile normal x86_64 /Users/cansagnak/Desktop/StarLaunch/StarLaunch/Features/Core/Analytics/AnalyticsService.swift (in target 'StarLaunch' from project 'StarLaunch')
    cd /Users/cansagnak/Desktop/StarLaunch
    

SwiftCompile normal x86_64 /Users/cansagnak/Desktop/StarLaunch/StarLaunch/Features/Core/Caching/CacheManager.swift (in target 'StarLaunch' from project 'StarLaunch')
    cd /Users/cansagnak/Desktop/StarLaunch
    

SwiftCompile normal x86_64 /Users/cansagnak/Desktop/StarLaunch/StarLaunch/Features/Core/Caching/OfflineDataManager.swift (in target 'StarLaunch' from project 'StarLaunch')
    cd /Users/cansagnak/Desktop/StarLaunch
    

SwiftCompile normal x86_64 /Users/cansagnak/Desktop/StarLaunch/StarLaunch/Features/Core/DependencyInjection/DependencyContainer.swift (in target 'StarLaunch' from project 'StarLaunch')
    cd /Users/cansagnak/Desktop/StarLaunch
    

SwiftEmitModule normal arm64 Emitting\ module\ for\ StarLaunch (in target 'StarLaunch' from project 'StarLaunch')

EmitSwiftModule normal arm64 (in target 'StarLaunch' from project 'StarLaunch')
    cd /Users/cansagnak/Desktop/StarLaunch
    

SwiftDriverJobDiscovery normal arm64 Compiling ViewModelFactory.swift, LaunchListViewController+TableView+Extension.swift, UIColor.swift, UIImageView+Extension.swift, ImageLoader.swift, LocalizationManager.swift (in target 'StarLaunch' from project 'StarLaunch')

SwiftCompile normal arm64 Compiling\ RetryPolicy.swift,\ NotificationManager.swift,\ EmptyStateView.swift,\ ErrorView.swift,\ HapticManager.swift,\ SkeletonView.swift /Users/cansagnak/Desktop/StarLaunch/StarLaunch/Features/Core/Networking/RetryPolicy.swift /Users/cansagnak/Desktop/StarLaunch/StarLaunch/Features/Core/Notifications/NotificationManager.swift /Users/cansagnak/Desktop/StarLaunch/StarLaunch/Features/Core/UI/EmptyStateView.swift /Users/cansagnak/Desktop/StarLaunch/StarLaunch/Features/Core/UI/ErrorView.swift /Users/cansagnak/Desktop/StarLaunch/StarLaunch/Features/Core/UI/HapticManager.swift /Users/cansagnak/Desktop/StarLaunch/StarLaunch/Features/Core/UI/SkeletonView.swift (in target 'StarLaunch' from project 'StarLaunch')

** BUILD FAILED **


The following build commands failed:
	SwiftEmitModule normal x86_64 Emitting\ module\ for\ StarLaunch (in target 'StarLaunch' from project 'StarLaunch')
	EmitSwiftModule normal x86_64 (in target 'StarLaunch' from project 'StarLaunch')
	Building project StarLaunch with scheme StarLaunch
(3 failures)
