Command line invocation:
    /Applications/Xcode.app/Contents/Developer/usr/bin/xcodebuild -scheme StarLaunch -destination "platform=iOS Simulator,name=iPhone 16 Pro" build

2026-01-03 23:26:05.038 xcodebuild[16145:362875] [MT] IDERunDestination: Supported platforms for the buildables in the current scheme is empty.
2026-01-03 23:27:05.171 xcodebuild[16145:362875] Writing error result bundle to /var/folders/yh/f6xbdpfj10nfghtxc7w3xk8r0000gn/T/ResultBundle_2026-03-01_23-27-0005.xcresult
xcodebuild: error: Unable to find a device matching the provided destination specifier:
		{ platform:iOS Simulator, OS:latest, name:iPhone 16 Pro }

	The requested device could not be found because no available devices matched the request.

	Available destinations for the "StarLaunch" scheme:
		{ platform:iOS, arch:arm64, id:00008030-001430D00AF8202E, name:Can S. }
		{ platform:iOS, id:dvtdevice-DVTiPhonePlaceholder-iphoneos:placeholder, name:Any iOS Device }
		{ platform:iOS Simulator, id:dvtdevice-DVTiOSDeviceSimulatorPlaceholder-iphonesimulator:placeholder, name:Any iOS Simulator Device }
		{ platform:iOS Simulator, arch:arm64, id:E0C11837-C1E4-45D8-A50B-530290132AD3, OS:26.1, name:iPad (A16) }
		{ platform:iOS Simulator, arch:arm64, id:9B3C60EF-89A5-4C20-B50D-12A5E01D4A34, OS:26.2, name:iPad (A16) }
		{ platform:iOS Simulator, arch:arm64, id:DC87208D-BB02-4746-BB50-69AB061637A7, OS:26.1, name:iPad Air 11-inch (M3) }
		{ platform:iOS Simulator, arch:arm64, id:A0BEB73F-5E23-47FB-A048-416B3492DF51, OS:26.2, name:iPad Air 11-inch (M3) }
		{ platform:iOS Simulator, arch:arm64, id:71DF1E5C-CEC8-480B-A759-B478F1DF088D, OS:26.1, name:iPad Air 13-inch (M3) }
		{ platform:iOS Simulator, arch:arm64, id:C206A150-96BE-4122-B5CA-5EE1B758AAF3, OS:26.2, name:iPad Air 13-inch (M3) }
		{ platform:iOS Simulator, arch:arm64, id:0255AA45-3797-4D9D-AC1E-39B41CD094F4, OS:26.0, name:iPad Pro 11-inch (M5) }
		{ platform:iOS Simulator, arch:arm64, id:3567BC2C-6B84-43A4-A2CE-1B31CB6E00D5, OS:26.1, name:iPad Pro 11-inch (M5) }
		{ platform:iOS Simulator, arch:arm64, id:87E9EA30-2A89-4687-B941-D18E765DE32E, OS:26.2, name:iPad Pro 11-inch (M5) }
		{ platform:iOS Simulator, arch:arm64, id:8CF8325B-A508-4F4E-BDE3-ABDBEBF6C036, OS:26.0, name:iPad Pro 13-inch (M5) }
		{ platform:iOS Simulator, arch:arm64, id:6F960334-2F66-482C-A63D-2777E28A7F91, OS:26.1, name:iPad Pro 13-inch (M5) }
		{ platform:iOS Simulator, arch:arm64, id:0FAB535B-7648-4C60-A186-5166AD67A84E, OS:26.2, name:iPad Pro 13-inch (M5) }
		{ platform:iOS Simulator, arch:arm64, id:981EA43F-6356-438C-B84E-D05D2E062046, OS:26.1, name:iPad mini (A17 Pro) }
		{ platform:iOS Simulator, arch:arm64, id:E400C446-7AD0-48C6-830F-2BB03C54494B, OS:26.2, name:iPad mini (A17 Pro) }
		{ platform:iOS Simulator, arch:arm64, id:287C2236-89D5-4F3B-A4F8-48B5725ADC53, OS:26.0, name:iPhone 13 mini }
		{ platform:iOS Simulator, arch:arm64, id:E7FAF3FA-C992-4ED4-8EB6-E8F13A74FBAE, OS:18.6, name:iPhone 16 Pro }
		{ platform:iOS Simulator, arch:x86_64, id:E7FAF3FA-C992-4ED4-8EB6-E8F13A74FBAE, OS:18.6, name:iPhone 16 Pro }
		{ platform:iOS Simulator, arch:arm64, id:01C0AA30-4EC0-4FDC-9225-5D66C95E7045, OS:26.1, name:iPhone 16e }
		{ platform:iOS Simulator, arch:arm64, id:5FA249F9-E8A0-49BB-B52E-8B6F3F1B4E43, OS:26.2, name:iPhone 16e }
		{ platform:iOS Simulator, arch:arm64, id:D627FF2A-442B-45EB-B070-39AAA14AFD13, OS:26.1, name:iPhone 17 }
		{ platform:iOS Simulator, arch:arm64, id:31DD4A3E-A4DC-4ADB-B405-7ADC877D1196, OS:26.2, name:iPhone 17 }
		{ platform:iOS Simulator, arch:arm64, id:C6EB928F-D696-4BFC-89CB-B4DDC76ADF46, OS:26.0, name:iPhone 17 Pro }
		{ platform:iOS Simulator, arch:arm64, id:29A7B7CD-A905-40E0-9F99-4FA50F66FC8F, OS:26.1, name:iPhone 17 Pro }
		{ platform:iOS Simulator, arch:arm64, id:A94D2188-2DFA-4679-864F-E6AE6ABE33E3, OS:26.2, name:iPhone 17 Pro }
		{ platform:iOS Simulator, arch:arm64, id:6C0E3CAC-F2AD-4653-B41A-716A4038B6FF, OS:26.1, name:iPhone 17 Pro Max }
		{ platform:iOS Simulator, arch:arm64, id:6F6B1FDB-C68A-407A-8152-E79EEC4B5EEB, OS:26.2, name:iPhone 17 Pro Max }
		{ platform:iOS Simulator, arch:arm64, id:2F2A8F0E-CFF0-41E6-A7BF-50CB7C30D450, OS:26.1, name:iPhone Air }
		{ platform:iOS Simulator, arch:arm64, id:17464015-4262-48EA-B9E3-DC95C8065CE2, OS:26.2, name:iPhone Air }
